[2024-12-23 03:40:05,561] INFO [email_log.run:226] Checking log files now.
[2024-12-23 03:40:05,576] INFO [email_log.run:230] No error found today.
[2024-12-24 01:20:35,112] INFO [libCANBUS.checking.fuel_check:72] Fuel check for 2024-12-23 is done. Data added: 185
[2024-12-24 01:20:35,346] INFO [libCANBUS.checking.battery_check:137] Battery check for 2024-12-23 is done. Data added: 1
[2024-12-24 01:20:35,518] INFO [libCANBUS.output.update_DB:54] Number of New CAN BUS devices: 2
[2024-12-24 03:40:05,591] INFO [email_log.run:226] Checking log files now.
[2024-12-24 03:40:05,591] INFO [email_log.run:230] No error found today.
[2024-12-25 01:20:34,709] INFO [libCANBUS.checking.fuel_check:72] Fuel check for 2024-12-24 is done. Data added: 136
[2024-12-25 01:20:35,005] INFO [libCANBUS.checking.battery_check:137] Battery check for 2024-12-24 is done. Data added: 1
[2024-12-25 01:20:35,208] INFO [libCANBUS.output.update_DB:54] Number of New CAN BUS devices: 8
[2024-12-25 03:40:05,594] INFO [email_log.run:226] Checking log files now.
[2024-12-25 03:40:05,609] INFO [email_log.run:230] No error found today.
[2024-12-26 01:20:34,284] INFO [libCANBUS.checking.fuel_check:72] Fuel check for 2024-12-25 is done. Data added: 44
[2024-12-26 01:20:34,487] INFO [libCANBUS.checking.battery_check:137] Battery check for 2024-12-25 is done. Data added: 0
[2024-12-26 01:20:34,643] INFO [libCANBUS.output.update_DB:54] Number of New CAN BUS devices: 0
[2024-12-26 03:40:05,613] INFO [email_log.run:226] Checking log files now.
[2024-12-26 03:40:05,613] INFO [email_log.run:230] No error found today.
[2024-12-27 01:20:34,523] INFO [libCANBUS.checking.fuel_check:72] Fuel check for 2024-12-26 is done. Data added: 184
[2024-12-27 01:20:34,663] INFO [libCANBUS.checking.battery_check:137] Battery check for 2024-12-26 is done. Data added: 1
[2024-12-27 01:20:35,459] INFO [libCANBUS.output.update_DB:54] Number of New CAN BUS devices: 3
[2024-12-27 03:40:05,638] INFO [email_log.run:226] Checking log files now.
[2024-12-27 03:40:05,638] INFO [email_log.run:230] No error found today.
[2024-12-28 01:20:34,694] INFO [libCANBUS.checking.fuel_check:72] Fuel check for 2024-12-27 is done. Data added: 145
[2024-12-28 01:20:34,944] INFO [libCANBUS.checking.battery_check:137] Battery check for 2024-12-27 is done. Data added: 2
[2024-12-28 01:20:35,100] INFO [libCANBUS.output.update_DB:54] Number of New CAN BUS devices: 0
[2024-12-28 03:40:05,612] INFO [email_log.run:226] Checking log files now.
[2024-12-28 03:40:05,627] INFO [email_log.run:230] No error found today.
[2024-12-29 01:20:34,325] INFO [libCANBUS.checking.fuel_check:72] Fuel check for 2024-12-28 is done. Data added: 106
[2024-12-29 01:20:34,528] INFO [libCANBUS.checking.battery_check:137] Battery check for 2024-12-28 is done. Data added: 2
[2024-12-29 01:20:34,668] INFO [libCANBUS.output.update_DB:54] Number of New CAN BUS devices: 1
[2024-12-29 03:40:05,632] INFO [email_log.run:226] Checking log files now.
[2024-12-29 03:40:05,647] INFO [email_log.run:230] No error found today.
[2024-12-30 01:20:34,182] INFO [libCANBUS.checking.fuel_check:72] Fuel check for 2024-12-29 is done. Data added: 126
[2024-12-30 01:20:34,309] INFO [libCANBUS.checking.battery_check:137] Battery check for 2024-12-29 is done. Data added: 0
[2024-12-30 01:20:34,491] INFO [libCANBUS.output.update_DB:54] Number of New CAN BUS devices: 3
[2024-12-30 03:40:06,107] INFO [email_log.run:226] Checking log files now.
[2024-12-30 03:40:06,107] INFO [email_log.run:230] No error found today.
[2024-12-31 01:20:34,446] INFO [libCANBUS.checking.fuel_check:72] Fuel check for 2024-12-30 is done. Data added: 97
[2024-12-31 01:20:34,633] INFO [libCANBUS.checking.battery_check:137] Battery check for 2024-12-30 is done. Data added: 0
[2024-12-31 01:20:34,930] INFO [libCANBUS.output.update_DB:54] Number of New CAN BUS devices: 1
[2024-12-31 03:40:05,602] INFO [email_log.run:226] Checking log files now.
[2024-12-31 03:40:05,602] INFO [email_log.run:230] No error found today.
[2025-01-01 01:20:34,722] INFO [libCANBUS.checking.fuel_check:72] Fuel check for 2024-12-31 is done. Data added: 98
[2025-01-01 01:20:34,925] INFO [libCANBUS.checking.battery_check:137] Battery check for 2024-12-31 is done. Data added: 1
[2025-01-01 01:20:35,237] INFO [libCANBUS.output.update_DB:54] Number of New CAN BUS devices: 2
[2025-01-01 03:40:05,582] INFO [email_log.run:226] Checking log files now.
[2025-01-01 03:40:05,582] INFO [email_log.run:230] No error found today.
[2025-01-02 01:20:34,280] INFO [libCANBUS.checking.fuel_check:72] Fuel check for 2025-01-01 is done. Data added: 78
[2025-01-02 01:20:34,467] INFO [libCANBUS.checking.battery_check:137] Battery check for 2025-01-01 is done. Data added: 1
[2025-01-02 01:20:34,576] INFO [libCANBUS.output.update_DB:54] Number of New CAN BUS devices: 0
[2025-01-02 03:40:05,622] INFO [email_log.run:226] Checking log files now.
[2025-01-02 03:40:05,637] INFO [email_log.run:230] No error found today.
[2025-01-03 01:20:34,528] INFO [libCANBUS.checking.fuel_check:72] Fuel check for 2025-01-02 is done. Data added: 111
[2025-01-03 01:20:34,762] INFO [libCANBUS.checking.battery_check:137] Battery check for 2025-01-02 is done. Data added: 2
[2025-01-03 01:20:34,965] INFO [libCANBUS.output.update_DB:54] Number of New CAN BUS devices: 0
[2025-01-03 03:40:05,659] INFO [email_log.run:226] Checking log files now.
[2025-01-03 03:40:05,659] INFO [email_log.run:230] No error found today.
[2025-01-04 01:20:34,546] INFO [libCANBUS.checking.fuel_check:72] Fuel check for 2025-01-03 is done. Data added: 105
[2025-01-04 01:20:34,780] INFO [libCANBUS.checking.battery_check:137] Battery check for 2025-01-03 is done. Data added: 3
[2025-01-04 01:20:34,921] INFO [libCANBUS.output.update_DB:54] Number of New CAN BUS devices: 0
[2025-01-04 03:40:05,569] INFO [email_log.run:226] Checking log files now.
[2025-01-04 03:40:05,585] INFO [email_log.run:230] No error found today.
[2025-01-05 01:20:34,443] INFO [libCANBUS.checking.fuel_check:72] Fuel check for 2025-01-04 is done. Data added: 143
[2025-01-05 01:20:34,646] INFO [libCANBUS.checking.battery_check:137] Battery check for 2025-01-04 is done. Data added: 3
[2025-01-05 01:20:34,802] INFO [libCANBUS.output.update_DB:54] Number of New CAN BUS devices: 1
[2025-01-05 03:40:06,681] INFO [email_log.run:226] Checking log files now.
[2025-01-05 03:40:06,712] INFO [email_log.run:230] No error found today.
[2025-01-06 01:20:34,206] INFO [libCANBUS.checking.fuel_check:72] Fuel check for 2025-01-05 is done. Data added: 94
[2025-01-06 01:20:34,394] INFO [libCANBUS.checking.battery_check:137] Battery check for 2025-01-05 is done. Data added: 0
[2025-01-06 01:20:34,487] INFO [libCANBUS.output.update_DB:54] Number of New CAN BUS devices: 0
[2025-01-06 03:40:06,312] INFO [email_log.run:226] Checking log files now.
[2025-01-06 03:40:06,312] INFO [email_log.run:230] No error found today.
[2025-01-07 01:20:34,394] INFO [libCANBUS.checking.fuel_check:72] Fuel check for 2025-01-06 is done. Data added: 188
[2025-01-07 01:20:34,612] INFO [libCANBUS.checking.battery_check:137] Battery check for 2025-01-06 is done. Data added: 3
[2025-01-07 01:20:34,784] INFO [libCANBUS.output.update_DB:54] Number of New CAN BUS devices: 0
[2025-01-07 03:40:06,206] INFO [email_log.run:226] Checking log files now.
[2025-01-07 03:40:06,206] INFO [email_log.run:230] No error found today.
[2025-01-08 01:20:34,443] INFO [libCANBUS.checking.fuel_check:72] Fuel check for 2025-01-07 is done. Data added: 69
[2025-01-08 01:20:34,709] INFO [libCANBUS.checking.battery_check:137] Battery check for 2025-01-07 is done. Data added: 3
[2025-01-08 01:20:34,833] INFO [libCANBUS.output.update_DB:54] Number of New CAN BUS devices: 7
[2025-01-08 03:40:06,670] INFO [email_log.run:226] Checking log files now.
[2025-01-08 03:40:06,670] INFO [email_log.run:230] No error found today.
[2025-01-09 01:20:34,577] INFO [libCANBUS.checking.fuel_check:72] Fuel check for 2025-01-08 is done. Data added: 76
[2025-01-09 01:20:34,858] INFO [libCANBUS.checking.battery_check:137] Battery check for 2025-01-08 is done. Data added: 0
[2025-01-09 01:20:35,014] INFO [libCANBUS.output.update_DB:54] Number of New CAN BUS devices: 7
[2025-01-09 03:40:05,587] INFO [email_log.run:226] Checking log files now.
[2025-01-09 03:40:05,603] INFO [email_log.run:230] No error found today.
[2025-01-10 01:20:34,694] INFO [libCANBUS.checking.fuel_check:72] Fuel check for 2025-01-09 is done. Data added: 83
[2025-01-10 01:20:34,960] INFO [libCANBUS.checking.battery_check:137] Battery check for 2025-01-09 is done. Data added: 2
[2025-01-10 01:20:35,287] INFO [libCANBUS.output.update_DB:54] Number of New CAN BUS devices: 0
[2025-01-10 03:40:05,602] INFO [email_log.run:226] Checking log files now.
[2025-01-10 03:40:05,618] INFO [email_log.run:230] No error found today.
[2025-01-11 01:20:34,414] INFO [libCANBUS.checking.fuel_check:72] Fuel check for 2025-01-10 is done. Data added: 132
[2025-01-11 01:20:34,679] INFO [libCANBUS.checking.battery_check:137] Battery check for 2025-01-10 is done. Data added: 10
[2025-01-11 01:20:34,819] INFO [libCANBUS.output.update_DB:54] Number of New CAN BUS devices: 13
[2025-01-11 03:40:05,586] INFO [email_log.run:226] Checking log files now.
[2025-01-11 03:40:05,602] INFO [email_log.run:230] No error found today.
[2025-01-12 01:20:34,180] INFO [libCANBUS.checking.fuel_check:72] Fuel check for 2025-01-11 is done. Data added: 100
[2025-01-12 01:20:34,414] INFO [libCANBUS.checking.battery_check:137] Battery check for 2025-01-11 is done. Data added: 4
[2025-01-12 01:20:34,539] INFO [libCANBUS.output.update_DB:54] Number of New CAN BUS devices: 2
[2025-01-12 03:40:05,570] INFO [email_log.run:226] Checking log files now.
[2025-01-12 03:40:05,586] INFO [email_log.run:230] No error found today.
[2025-01-13 01:20:34,120] INFO [libCANBUS.checking.fuel_check:72] Fuel check for 2025-01-12 is done. Data added: 72
[2025-01-13 01:20:34,292] INFO [libCANBUS.checking.battery_check:137] Battery check for 2025-01-12 is done. Data added: 6
[2025-01-13 01:20:34,448] INFO [libCANBUS.output.update_DB:54] Number of New CAN BUS devices: 0
[2025-01-13 03:40:05,559] INFO [email_log.run:226] Checking log files now.
[2025-01-13 03:40:05,575] INFO [email_log.run:230] No error found today.
[2025-01-14 01:20:34,517] INFO [libCANBUS.checking.fuel_check:72] Fuel check for 2025-01-13 is done. Data added: 114
[2025-01-14 01:20:34,829] INFO [libCANBUS.checking.battery_check:137] Battery check for 2025-01-13 is done. Data added: 5
[2025-01-14 01:20:35,063] INFO [libCANBUS.output.update_DB:54] Number of New CAN BUS devices: 8
[2025-01-14 03:40:05,587] INFO [email_log.run:226] Checking log files now.
[2025-01-14 03:40:05,587] INFO [email_log.run:230] No error found today.
[2025-01-15 01:20:34,444] INFO [libCANBUS.checking.fuel_check:72] Fuel check for 2025-01-14 is done. Data added: 77
[2025-01-15 01:20:34,678] INFO [libCANBUS.checking.battery_check:137] Battery check for 2025-01-14 is done. Data added: 6
[2025-01-15 01:20:34,834] INFO [libCANBUS.output.update_DB:54] Number of New CAN BUS devices: 7
[2025-01-15 03:40:05,704] INFO [email_log.run:226] Checking log files now.
[2025-01-15 03:40:05,720] INFO [email_log.run:230] No error found today.
[2025-01-16 01:20:34,625] INFO [libCANBUS.checking.fuel_check:72] Fuel check for 2025-01-15 is done. Data added: 104
[2025-01-16 01:20:34,937] INFO [libCANBUS.checking.battery_check:137] Battery check for 2025-01-15 is done. Data added: 4
[2025-01-16 01:20:35,093] INFO [libCANBUS.output.update_DB:54] Number of New CAN BUS devices: 7
[2025-01-16 03:40:05,627] INFO [email_log.run:226] Checking log files now.
[2025-01-16 03:40:05,627] INFO [email_log.run:230] No error found today.
[2025-01-17 01:20:34,934] INFO [libCANBUS.checking.fuel_check:72] Fuel check for 2025-01-16 is done. Data added: 79
[2025-01-17 01:20:35,277] INFO [libCANBUS.checking.battery_check:137] Battery check for 2025-01-16 is done. Data added: 6
[2025-01-17 01:20:35,480] INFO [libCANBUS.output.update_DB:54] Number of New CAN BUS devices: 7
[2025-01-17 03:40:05,572] INFO [email_log.run:226] Checking log files now.
[2025-01-17 03:40:05,588] INFO [email_log.run:230] No error found today.
[2025-01-18 01:20:34,907] INFO [libCANBUS.checking.fuel_check:72] Fuel check for 2025-01-17 is done. Data added: 124
[2025-01-18 01:20:35,219] INFO [libCANBUS.checking.battery_check:137] Battery check for 2025-01-17 is done. Data added: 7
[2025-01-18 01:20:35,360] INFO [libCANBUS.output.update_DB:54] Number of New CAN BUS devices: 8
[2025-01-18 03:40:05,599] INFO [email_log.run:226] Checking log files now.
[2025-01-18 03:40:05,599] INFO [email_log.run:230] No error found today.
[2025-01-19 01:20:34,274] INFO [libCANBUS.checking.fuel_check:72] Fuel check for 2025-01-18 is done. Data added: 81
[2025-01-19 01:20:34,602] INFO [libCANBUS.checking.battery_check:137] Battery check for 2025-01-18 is done. Data added: 5
[2025-01-19 01:20:34,742] INFO [libCANBUS.output.update_DB:54] Number of New CAN BUS devices: 0
[2025-01-19 03:40:05,569] INFO [email_log.run:226] Checking log files now.
[2025-01-19 03:40:05,584] INFO [email_log.run:230] No error found today.
[2025-01-20 01:20:34,009] INFO [libCANBUS.checking.fuel_check:72] Fuel check for 2025-01-19 is done. Data added: 44
[2025-01-20 01:20:34,290] INFO [libCANBUS.checking.battery_check:137] Battery check for 2025-01-19 is done. Data added: 1
[2025-01-20 01:20:34,368] INFO [libCANBUS.output.update_DB:54] Number of New CAN BUS devices: 1
[2025-01-20 03:40:05,586] INFO [email_log.run:226] Checking log files now.
[2025-01-20 03:40:05,586] INFO [email_log.run:230] No error found today.
[2025-01-21 01:20:34,522] INFO [libCANBUS.checking.fuel_check:72] Fuel check for 2025-01-20 is done. Data added: 158
[2025-01-21 01:20:34,849] INFO [libCANBUS.checking.battery_check:137] Battery check for 2025-01-20 is done. Data added: 4
[2025-01-21 01:20:35,037] INFO [libCANBUS.output.update_DB:54] Number of New CAN BUS devices: 28
[2025-01-21 03:40:05,581] INFO [email_log.run:226] Checking log files now.
[2025-01-21 03:40:05,581] INFO [email_log.run:230] No error found today.
[2025-01-22 01:20:34,593] INFO [libCANBUS.checking.fuel_check:72] Fuel check for 2025-01-21 is done. Data added: 80
[2025-01-22 01:20:34,905] INFO [libCANBUS.checking.battery_check:137] Battery check for 2025-01-21 is done. Data added: 3
[2025-01-22 01:20:34,998] INFO [libCANBUS.output.update_DB:54] Number of New CAN BUS devices: 20
[2025-01-22 03:40:05,552] INFO [email_log.run:226] Checking log files now.
[2025-01-22 03:40:05,552] INFO [email_log.run:230] No error found today.
[2025-01-23 01:20:34,474] INFO [libCANBUS.checking.fuel_check:72] Fuel check for 2025-01-22 is done. Data added: 106
[2025-01-23 01:20:34,833] INFO [libCANBUS.checking.battery_check:137] Battery check for 2025-01-22 is done. Data added: 3
[2025-01-23 01:20:35,036] INFO [libCANBUS.output.update_DB:54] Number of New CAN BUS devices: 2
[2025-01-23 03:40:05,594] INFO [email_log.run:226] Checking log files now.
[2025-01-23 03:40:05,594] INFO [email_log.run:230] No error found today.
[2025-01-24 01:20:34,274] INFO [libCANBUS.checking.fuel_check:72] Fuel check for 2025-01-23 is done. Data added: 89
[2025-01-24 01:20:34,649] INFO [libCANBUS.checking.battery_check:137] Battery check for 2025-01-23 is done. Data added: 4
[2025-01-24 01:20:34,805] INFO [libCANBUS.output.update_DB:54] Number of New CAN BUS devices: 10
[2025-01-24 03:40:05,654] INFO [email_log.run:226] Checking log files now.
[2025-01-24 03:40:05,669] INFO [email_log.run:230] No error found today.
[2025-01-25 01:20:34,341] INFO [libCANBUS.checking.fuel_check:72] Fuel check for 2025-01-24 is done. Data added: 106
[2025-01-25 01:20:34,606] INFO [libCANBUS.checking.battery_check:137] Battery check for 2025-01-24 is done. Data added: 8
[2025-01-25 01:20:34,731] INFO [libCANBUS.output.update_DB:54] Number of New CAN BUS devices: 6
[2025-01-25 03:40:05,577] INFO [email_log.run:226] Checking log files now.
[2025-01-25 03:40:05,592] INFO [email_log.run:230] No error found today.
[2025-01-26 01:20:34,420] INFO [libCANBUS.checking.fuel_check:72] Fuel check for 2025-01-25 is done. Data added: 55
[2025-01-26 01:20:34,747] INFO [libCANBUS.checking.battery_check:137] Battery check for 2025-01-25 is done. Data added: 6
[2025-01-26 01:20:34,856] INFO [libCANBUS.output.update_DB:54] Number of New CAN BUS devices: 0
[2025-01-26 03:40:05,599] INFO [email_log.run:226] Checking log files now.
[2025-01-26 03:40:05,599] INFO [email_log.run:230] No error found today.
[2025-01-27 01:20:34,419] INFO [libCANBUS.checking.fuel_check:72] Fuel check for 2025-01-26 is done. Data added: 35
[2025-01-27 01:20:34,715] INFO [libCANBUS.checking.battery_check:137] Battery check for 2025-01-26 is done. Data added: 0
[2025-01-27 01:20:34,824] INFO [libCANBUS.output.update_DB:54] Number of New CAN BUS devices: 0
[2025-01-27 03:40:05,668] INFO [email_log.run:226] Checking log files now.
[2025-01-27 03:40:05,684] INFO [email_log.run:230] No error found today.
[2025-01-28 01:20:34,951] INFO [libCANBUS.checking.fuel_check:72] Fuel check for 2025-01-27 is done. Data added: 158
[2025-01-28 01:20:35,263] INFO [libCANBUS.checking.battery_check:137] Battery check for 2025-01-27 is done. Data added: 6
[2025-01-28 01:20:35,435] INFO [libCANBUS.output.update_DB:54] Number of New CAN BUS devices: 0
[2025-01-28 03:40:05,642] INFO [email_log.run:226] Checking log files now.
[2025-01-28 03:40:05,657] INFO [email_log.run:230] No error found today.
[2025-01-29 01:20:34,584] INFO [libCANBUS.checking.fuel_check:72] Fuel check for 2025-01-28 is done. Data added: 89
[2025-01-29 01:20:34,927] INFO [libCANBUS.checking.battery_check:137] Battery check for 2025-01-28 is done. Data added: 9
[2025-01-29 01:20:35,021] INFO [libCANBUS.output.update_DB:54] Number of New CAN BUS devices: 1
[2025-01-29 03:40:05,612] INFO [email_log.run:226] Checking log files now.
[2025-01-29 03:40:05,612] INFO [email_log.run:230] No error found today.
[2025-01-30 01:20:34,277] INFO [libCANBUS.checking.fuel_check:72] Fuel check for 2025-01-29 is done. Data added: 100
[2025-01-30 01:20:34,542] INFO [libCANBUS.checking.battery_check:137] Battery check for 2025-01-29 is done. Data added: 0
[2025-01-30 01:20:34,682] INFO [libCANBUS.output.update_DB:54] Number of New CAN BUS devices: 0
[2025-01-30 03:40:05,621] INFO [email_log.run:226] Checking log files now.
[2025-01-30 03:40:05,637] INFO [email_log.run:230] No error found today.
[2025-01-31 01:20:34,208] INFO [libCANBUS.checking.fuel_check:72] Fuel check for 2025-01-30 is done. Data added: 56
[2025-01-31 01:20:34,473] INFO [libCANBUS.checking.battery_check:137] Battery check for 2025-01-30 is done. Data added: 0
[2025-01-31 01:20:34,629] INFO [libCANBUS.output.update_DB:54] Number of New CAN BUS devices: 0
[2025-01-31 03:40:05,576] INFO [email_log.run:226] Checking log files now.
[2025-01-31 03:40:05,592] INFO [email_log.run:230] No error found today.
[2025-02-01 01:20:34,543] INFO [libCANBUS.checking.fuel_check:72] Fuel check for 2025-01-31 is done. Data added: 138
[2025-02-01 01:20:34,870] INFO [libCANBUS.checking.battery_check:137] Battery check for 2025-01-31 is done. Data added: 6
[2025-02-01 01:20:35,026] INFO [libCANBUS.output.update_DB:54] Number of New CAN BUS devices: 0
[2025-02-01 03:40:05,597] INFO [email_log.run:226] Checking log files now.
[2025-02-01 03:40:05,597] INFO [email_log.run:230] No error found today.
[2025-02-02 01:20:34,501] INFO [libCANBUS.checking.fuel_check:72] Fuel check for 2025-02-01 is done. Data added: 58
[2025-02-02 01:20:34,797] INFO [libCANBUS.checking.battery_check:137] Battery check for 2025-02-01 is done. Data added: 2
[2025-02-02 01:20:34,922] INFO [libCANBUS.output.update_DB:54] Number of New CAN BUS devices: 1
[2025-02-02 03:40:05,601] INFO [email_log.run:226] Checking log files now.
[2025-02-02 03:40:05,601] INFO [email_log.run:230] No error found today.
[2025-02-03 01:20:34,377] INFO [libCANBUS.checking.fuel_check:72] Fuel check for 2025-02-02 is done. Data added: 75
[2025-02-03 01:20:34,626] INFO [libCANBUS.checking.battery_check:137] Battery check for 2025-02-02 is done. Data added: 3
[2025-02-03 01:20:34,860] INFO [libCANBUS.output.update_DB:54] Number of New CAN BUS devices: 0
[2025-02-03 03:40:05,591] INFO [email_log.run:226] Checking log files now.
[2025-02-03 03:40:05,591] INFO [email_log.run:230] No error found today.
[2025-02-04 01:20:34,984] INFO [libCANBUS.checking.fuel_check:72] Fuel check for 2025-02-03 is done. Data added: 93
[2025-02-04 01:20:35,312] INFO [libCANBUS.checking.battery_check:137] Battery check for 2025-02-03 is done. Data added: 10
[2025-02-04 01:20:35,468] INFO [libCANBUS.output.update_DB:54] Number of New CAN BUS devices: 0
[2025-02-04 03:40:05,593] INFO [email_log.run:226] Checking log files now.
[2025-02-04 03:40:05,593] INFO [email_log.run:230] No error found today.
[2025-02-05 01:20:34,864] INFO [libCANBUS.checking.fuel_check:72] Fuel check for 2025-02-04 is done. Data added: 122
[2025-02-05 01:20:35,208] INFO [libCANBUS.checking.battery_check:137] Battery check for 2025-02-04 is done. Data added: 8
[2025-02-05 01:20:35,348] INFO [libCANBUS.output.update_DB:54] Number of New CAN BUS devices: 1
[2025-02-05 03:40:10,277] INFO [email_log.run:226] Checking log files now.
[2025-02-05 03:40:10,277] INFO [email_log.run:230] No error found today.
[2025-02-06 01:20:34,623] INFO [libCANBUS.checking.fuel_check:72] Fuel check for 2025-02-05 is done. Data added: 112
[2025-02-06 01:20:34,951] INFO [libCANBUS.checking.battery_check:137] Battery check for 2025-02-05 is done. Data added: 3
[2025-02-06 01:20:35,122] INFO [libCANBUS.output.update_DB:54] Number of New CAN BUS devices: 0
[2025-02-06 03:40:05,615] INFO [email_log.run:226] Checking log files now.
[2025-02-06 03:40:05,615] INFO [email_log.run:230] No error found today.
[2025-02-07 01:20:34,561] INFO [libCANBUS.checking.fuel_check:72] Fuel check for 2025-02-06 is done. Data added: 71
[2025-02-07 01:20:34,983] INFO [libCANBUS.checking.battery_check:137] Battery check for 2025-02-06 is done. Data added: 3
[2025-02-07 01:20:35,123] INFO [libCANBUS.output.update_DB:54] Number of New CAN BUS devices: 0
[2025-02-07 03:40:05,669] INFO [email_log.run:226] Checking log files now.
[2025-02-07 03:40:05,669] INFO [email_log.run:230] No error found today.
[2025-02-08 01:20:34,556] INFO [libCANBUS.checking.fuel_check:72] Fuel check for 2025-02-07 is done. Data added: 135
[2025-02-08 01:20:34,993] INFO [libCANBUS.checking.battery_check:137] Battery check for 2025-02-07 is done. Data added: 7
[2025-02-08 01:20:35,165] INFO [libCANBUS.output.update_DB:54] Number of New CAN BUS devices: 1
[2025-02-08 03:40:05,688] INFO [email_log.run:226] Checking log files now.
[2025-02-08 03:40:05,688] INFO [email_log.run:230] No error found today.
[2025-02-09 01:20:34,384] INFO [libCANBUS.checking.fuel_check:72] Fuel check for 2025-02-08 is done. Data added: 129
[2025-02-09 01:20:34,713] INFO [libCANBUS.checking.battery_check:137] Battery check for 2025-02-08 is done. Data added: 2
[2025-02-09 01:20:34,916] INFO [libCANBUS.output.update_DB:54] Number of New CAN BUS devices: 0
[2025-02-09 03:40:05,646] INFO [email_log.run:226] Checking log files now.
[2025-02-09 03:40:05,646] INFO [email_log.run:230] No error found today.
[2025-02-10 01:20:33,556] INFO [libCANBUS.checking.fuel_check:72] Fuel check for 2025-02-09 is done. Data added: 0
[2025-02-10 01:20:33,665] INFO [libCANBUS.checking.battery_check:137] Battery check for 2025-02-09 is done. Data added: 0
[2025-02-10 01:20:33,977] ERROR [libCANBUS.main.main:67] Traceback (most recent call last):
  File "C:\Ascents\CANBUS_device_alert\src\libCANBUS\main.py", line 48, in main
    result["beginDt"]=result["beginDt"].dt.strftime('%Y-%m-%d %H:%M:%S')
  File "C:\Ascents\App\lib\site-packages\pandas\core\generic.py", line 5583, in __getattr__
    return object.__getattribute__(self, name)
  File "C:\Ascents\App\lib\site-packages\pandas\core\accessor.py", line 182, in __get__
    accessor_obj = self._accessor(obj)
  File "C:\Ascents\App\lib\site-packages\pandas\core\indexes\accessors.py", line 509, in __new__
    raise AttributeError("Can only use .dt accessor with datetimelike values")
AttributeError: Can only use .dt accessor with datetimelike values

[2025-02-10 03:40:05,596] INFO [email_log.run:226] Checking log files now.
[2025-02-10 03:53:40,285] INFO [libCANBUS.checking.fuel_check:72] Fuel check for 2025-02-09 is done. Data added: 0
[2025-02-10 03:53:40,409] INFO [libCANBUS.checking.battery_check:137] Battery check for 2025-02-09 is done. Data added: 0
[2025-02-10 03:53:40,425] ERROR [libCANBUS.main.main:67] Traceback (most recent call last):
  File "C:\Ascents\CANBUS_device_alert\src\libCANBUS\main.py", line 48, in main
    result["beginDt"]=result["beginDt"].dt.strftime('%Y-%m-%d %H:%M:%S')
  File "C:\Ascents\App\lib\site-packages\pandas\core\generic.py", line 5583, in __getattr__
    return object.__getattribute__(self, name)
  File "C:\Ascents\App\lib\site-packages\pandas\core\accessor.py", line 182, in __get__
    accessor_obj = self._accessor(obj)
  File "C:\Ascents\App\lib\site-packages\pandas\core\indexes\accessors.py", line 509, in __new__
    raise AttributeError("Can only use .dt accessor with datetimelike values")
AttributeError: Can only use .dt accessor with datetimelike values

[2025-02-10 03:55:55,438] INFO [libCANBUS.checking.fuel_check:72] Fuel check for 2025-02-09 is done. Data added: 0
[2025-02-10 03:55:55,531] INFO [libCANBUS.checking.battery_check:137] Battery check for 2025-02-09 is done. Data added: 0
[2025-02-10 03:55:55,578] INFO [libCANBUS.output.update_DB:54] Number of New CAN BUS devices: 0
[2025-02-11 01:20:34,315] INFO [libCANBUS.checking.fuel_check:72] Fuel check for 2025-02-10 is done. Data added: 177
[2025-02-11 01:20:34,674] INFO [libCANBUS.checking.battery_check:137] Battery check for 2025-02-10 is done. Data added: 6
[2025-02-11 01:20:34,845] INFO [libCANBUS.output.update_DB:54] Number of New CAN BUS devices: 0
[2025-02-11 03:40:05,578] INFO [email_log.run:226] Checking log files now.
[2025-02-11 03:40:05,593] INFO [email_log.run:230] No error found today.
[2025-02-12 01:20:34,360] INFO [libCANBUS.checking.fuel_check:72] Fuel check for 2025-02-11 is done. Data added: 90
[2025-02-12 01:20:34,719] INFO [libCANBUS.checking.battery_check:137] Battery check for 2025-02-11 is done. Data added: 3
[2025-02-12 01:20:34,984] INFO [libCANBUS.output.update_DB:54] Number of New CAN BUS devices: 10
[2025-02-12 03:40:05,600] INFO [email_log.run:226] Checking log files now.
[2025-02-12 03:40:05,616] INFO [email_log.run:230] No error found today.
[2025-02-13 01:20:34,429] INFO [libCANBUS.checking.fuel_check:72] Fuel check for 2025-02-12 is done. Data added: 83
[2025-02-13 01:20:34,835] INFO [libCANBUS.checking.battery_check:137] Battery check for 2025-02-12 is done. Data added: 1
[2025-02-13 01:20:35,007] INFO [libCANBUS.output.update_DB:54] Number of New CAN BUS devices: 3
[2025-02-13 03:40:05,591] INFO [email_log.run:226] Checking log files now.
[2025-02-13 03:40:05,607] INFO [email_log.run:230] No error found today.
[2025-02-14 01:20:34,438] INFO [libCANBUS.checking.fuel_check:72] Fuel check for 2025-02-13 is done. Data added: 97
[2025-02-14 01:20:34,843] INFO [libCANBUS.checking.battery_check:137] Battery check for 2025-02-13 is done. Data added: 5
[2025-02-14 01:20:35,046] INFO [libCANBUS.output.update_DB:54] Number of New CAN BUS devices: 4
[2025-02-14 03:40:05,625] INFO [email_log.run:226] Checking log files now.
[2025-02-14 03:40:05,640] INFO [email_log.run:230] No error found today.
[2025-02-15 01:20:34,344] INFO [libCANBUS.checking.fuel_check:72] Fuel check for 2025-02-14 is done. Data added: 119
[2025-02-15 01:20:34,719] INFO [libCANBUS.checking.battery_check:137] Battery check for 2025-02-14 is done. Data added: 6
[2025-02-15 01:20:34,890] INFO [libCANBUS.output.update_DB:54] Number of New CAN BUS devices: 2
[2025-02-15 03:40:05,713] INFO [email_log.run:226] Checking log files now.
[2025-02-15 03:40:05,729] INFO [email_log.run:230] No error found today.
[2025-02-16 01:20:34,291] INFO [libCANBUS.checking.fuel_check:72] Fuel check for 2025-02-15 is done. Data added: 91
[2025-02-16 01:20:34,651] INFO [libCANBUS.checking.battery_check:137] Battery check for 2025-02-15 is done. Data added: 2
[2025-02-16 01:20:34,791] INFO [libCANBUS.output.update_DB:54] Number of New CAN BUS devices: 1
[2025-02-16 03:40:05,574] INFO [email_log.run:226] Checking log files now.
[2025-02-16 03:40:05,590] INFO [email_log.run:230] No error found today.
[2025-02-17 01:20:34,181] INFO [libCANBUS.checking.fuel_check:72] Fuel check for 2025-02-16 is done. Data added: 72
[2025-02-17 01:20:34,508] INFO [libCANBUS.checking.battery_check:137] Battery check for 2025-02-16 is done. Data added: 1
[2025-02-17 01:20:34,617] INFO [libCANBUS.output.update_DB:54] Number of New CAN BUS devices: 0
[2025-02-17 03:40:05,547] INFO [email_log.run:226] Checking log files now.
[2025-02-17 03:40:05,562] INFO [email_log.run:230] No error found today.
[2025-02-18 01:20:34,371] INFO [libCANBUS.checking.fuel_check:72] Fuel check for 2025-02-17 is done. Data added: 65
[2025-02-18 01:20:34,730] INFO [libCANBUS.checking.battery_check:137] Battery check for 2025-02-17 is done. Data added: 6
[2025-02-18 01:20:35,182] INFO [libCANBUS.output.update_DB:54] Number of New CAN BUS devices: 6
[2025-02-18 03:40:05,576] INFO [email_log.run:226] Checking log files now.
[2025-02-18 03:40:05,591] INFO [email_log.run:230] No error found today.
[2025-02-19 01:20:34,396] INFO [libCANBUS.checking.fuel_check:72] Fuel check for 2025-02-18 is done. Data added: 89
[2025-02-19 01:20:34,802] INFO [libCANBUS.checking.battery_check:137] Battery check for 2025-02-18 is done. Data added: 3
[2025-02-19 01:20:34,973] INFO [libCANBUS.output.update_DB:54] Number of New CAN BUS devices: 0
[2025-02-19 03:40:05,593] INFO [email_log.run:226] Checking log files now.
[2025-02-19 03:40:05,609] INFO [email_log.run:230] No error found today.
[2025-02-20 01:20:34,387] INFO [libCANBUS.checking.fuel_check:72] Fuel check for 2025-02-19 is done. Data added: 55
[2025-02-20 01:20:34,823] INFO [libCANBUS.checking.battery_check:137] Battery check for 2025-02-19 is done. Data added: 4
[2025-02-20 01:20:35,057] INFO [libCANBUS.output.update_DB:54] Number of New CAN BUS devices: 0
[2025-02-20 03:40:05,660] INFO [email_log.run:226] Checking log files now.
[2025-02-20 03:40:05,660] INFO [email_log.run:230] No error found today.
[2025-02-21 01:20:34,406] INFO [libCANBUS.checking.fuel_check:72] Fuel check for 2025-02-20 is done. Data added: 58
[2025-02-21 01:20:34,812] INFO [libCANBUS.checking.battery_check:137] Battery check for 2025-02-20 is done. Data added: 5
[2025-02-21 01:20:35,062] INFO [libCANBUS.output.update_DB:54] Number of New CAN BUS devices: 6
[2025-02-21 03:40:05,659] INFO [email_log.run:226] Checking log files now.
[2025-02-21 03:40:05,659] INFO [email_log.run:230] No error found today.
[2025-02-22 01:20:34,142] INFO [libCANBUS.checking.fuel_check:72] Fuel check for 2025-02-21 is done. Data added: 104
[2025-02-22 01:20:34,470] INFO [libCANBUS.checking.battery_check:137] Battery check for 2025-02-21 is done. Data added: 4
[2025-02-22 01:20:35,000] INFO [libCANBUS.output.update_DB:54] Number of New CAN BUS devices: 3
[2025-02-22 03:40:05,611] INFO [email_log.run:226] Checking log files now.
[2025-02-22 03:40:05,626] INFO [email_log.run:230] No error found today.
[2025-02-23 01:20:34,237] INFO [libCANBUS.checking.fuel_check:72] Fuel check for 2025-02-22 is done. Data added: 95
[2025-02-23 01:20:34,596] INFO [libCANBUS.checking.battery_check:137] Battery check for 2025-02-22 is done. Data added: 13
[2025-02-23 01:20:35,111] INFO [libCANBUS.output.update_DB:54] Number of New CAN BUS devices: 0
[2025-02-23 03:40:05,655] INFO [email_log.run:226] Checking log files now.
[2025-02-23 03:40:05,671] INFO [email_log.run:230] No error found today.
[2025-02-24 01:20:33,951] INFO [libCANBUS.checking.fuel_check:72] Fuel check for 2025-02-23 is done. Data added: 51
[2025-02-24 01:20:34,263] INFO [libCANBUS.checking.battery_check:137] Battery check for 2025-02-23 is done. Data added: 3
[2025-02-24 01:20:34,466] INFO [libCANBUS.output.update_DB:54] Number of New CAN BUS devices: 0
[2025-02-24 03:40:05,669] INFO [email_log.run:226] Checking log files now.
[2025-02-24 03:40:05,669] INFO [email_log.run:230] No error found today.
[2025-02-25 01:20:34,611] INFO [libCANBUS.checking.fuel_check:72] Fuel check for 2025-02-24 is done. Data added: 118
[2025-02-25 01:20:35,001] INFO [libCANBUS.checking.battery_check:137] Battery check for 2025-02-24 is done. Data added: 2
[2025-02-25 01:20:35,532] INFO [libCANBUS.output.update_DB:54] Number of New CAN BUS devices: 0
[2025-02-25 03:40:05,634] INFO [email_log.run:226] Checking log files now.
[2025-02-25 03:40:05,650] INFO [email_log.run:230] No error found today.
[2025-02-26 01:20:34,483] INFO [libCANBUS.checking.fuel_check:72] Fuel check for 2025-02-25 is done. Data added: 91
[2025-02-26 01:20:34,873] INFO [libCANBUS.checking.battery_check:137] Battery check for 2025-02-25 is done. Data added: 3
[2025-02-26 01:20:35,388] INFO [libCANBUS.output.update_DB:54] Number of New CAN BUS devices: 1
[2025-02-26 03:40:05,625] INFO [email_log.run:226] Checking log files now.
[2025-02-26 03:40:05,625] INFO [email_log.run:230] No error found today.
[2025-02-27 01:20:34,390] INFO [libCANBUS.checking.fuel_check:72] Fuel check for 2025-02-26 is done. Data added: 76
[2025-02-27 01:20:34,858] INFO [libCANBUS.checking.battery_check:137] Battery check for 2025-02-26 is done. Data added: 2
[2025-02-27 01:20:35,108] INFO [libCANBUS.output.update_DB:54] Number of New CAN BUS devices: 0
[2025-02-27 03:40:05,602] INFO [email_log.run:226] Checking log files now.
[2025-02-27 03:40:05,602] INFO [email_log.run:230] No error found today.
[2025-02-28 01:20:34,409] INFO [libCANBUS.checking.fuel_check:72] Fuel check for 2025-02-27 is done. Data added: 103
[2025-02-28 01:20:34,799] INFO [libCANBUS.checking.battery_check:137] Battery check for 2025-02-27 is done. Data added: 2
[2025-02-28 01:20:35,314] INFO [libCANBUS.output.update_DB:54] Number of New CAN BUS devices: 7
[2025-02-28 03:40:05,727] INFO [email_log.run:226] Checking log files now.
[2025-02-28 03:40:05,743] INFO [email_log.run:230] No error found today.
[2025-03-01 01:20:35,181] INFO [libCANBUS.checking.fuel_check:72] Fuel check for 2025-02-28 is done. Data added: 120
[2025-03-01 01:20:35,618] INFO [libCANBUS.checking.battery_check:137] Battery check for 2025-02-28 is done. Data added: 10
[2025-03-01 01:20:36,133] INFO [libCANBUS.output.update_DB:54] Number of New CAN BUS devices: 4
[2025-03-01 03:40:05,544] INFO [email_log.run:226] Checking log files now.
[2025-03-01 03:40:05,544] INFO [email_log.run:230] No error found today.
[2025-03-02 01:20:34,378] INFO [libCANBUS.checking.fuel_check:72] Fuel check for 2025-03-01 is done. Data added: 105
[2025-03-02 01:20:34,753] INFO [libCANBUS.checking.battery_check:137] Battery check for 2025-03-01 is done. Data added: 8
[2025-03-02 01:20:35,267] INFO [libCANBUS.output.update_DB:54] Number of New CAN BUS devices: 1
[2025-03-02 03:40:05,585] INFO [email_log.run:226] Checking log files now.
[2025-03-02 03:40:05,585] INFO [email_log.run:230] No error found today.
[2025-03-03 01:20:34,049] INFO [libCANBUS.checking.fuel_check:72] Fuel check for 2025-03-02 is done. Data added: 47
[2025-03-03 01:20:34,314] INFO [libCANBUS.checking.battery_check:137] Battery check for 2025-03-02 is done. Data added: 5
[2025-03-03 01:20:34,407] INFO [libCANBUS.output.update_DB:54] Number of New CAN BUS devices: 0
[2025-03-03 03:40:05,568] INFO [email_log.run:226] Checking log files now.
[2025-03-03 03:40:05,583] INFO [email_log.run:230] No error found today.
[2025-03-04 01:20:34,384] INFO [libCANBUS.checking.fuel_check:72] Fuel check for 2025-03-03 is done. Data added: 97
[2025-03-04 01:20:34,774] INFO [libCANBUS.checking.battery_check:137] Battery check for 2025-03-03 is done. Data added: 5
[2025-03-04 01:20:35,320] INFO [libCANBUS.output.update_DB:54] Number of New CAN BUS devices: 1
[2025-03-04 03:40:05,546] INFO [email_log.run:226] Checking log files now.
[2025-03-04 03:40:05,546] INFO [email_log.run:230] No error found today.
[2025-03-05 01:20:34,937] INFO [libCANBUS.checking.fuel_check:72] Fuel check for 2025-03-04 is done. Data added: 144
[2025-03-05 01:20:35,405] INFO [libCANBUS.checking.battery_check:137] Battery check for 2025-03-04 is done. Data added: 10
[2025-03-05 01:20:36,559] INFO [libCANBUS.output.update_DB:54] Number of New CAN BUS devices: 1
[2025-03-05 03:40:05,682] INFO [email_log.run:226] Checking log files now.
[2025-03-05 03:40:05,697] INFO [email_log.run:230] No error found today.
[2025-03-06 01:20:34,336] INFO [libCANBUS.checking.fuel_check:72] Fuel check for 2025-03-05 is done. Data added: 166
[2025-03-06 01:20:34,773] INFO [libCANBUS.checking.battery_check:137] Battery check for 2025-03-05 is done. Data added: 7
[2025-03-06 01:20:35,272] INFO [libCANBUS.output.update_DB:54] Number of New CAN BUS devices: 0
[2025-03-06 03:40:05,653] INFO [email_log.run:226] Checking log files now.
[2025-03-06 03:40:05,653] INFO [email_log.run:230] No error found today.
[2025-03-07 01:20:34,525] INFO [libCANBUS.checking.fuel_check:72] Fuel check for 2025-03-06 is done. Data added: 170
[2025-03-07 01:20:34,946] INFO [libCANBUS.checking.battery_check:137] Battery check for 2025-03-06 is done. Data added: 12
[2025-03-07 01:20:35,445] INFO [libCANBUS.output.update_DB:54] Number of New CAN BUS devices: 0
[2025-03-07 03:40:05,716] INFO [email_log.run:226] Checking log files now.
[2025-03-07 03:40:05,731] INFO [email_log.run:230] No error found today.
[2025-03-08 01:20:34,696] INFO [libCANBUS.checking.fuel_check:72] Fuel check for 2025-03-07 is done. Data added: 124
[2025-03-08 01:20:35,103] INFO [libCANBUS.checking.battery_check:137] Battery check for 2025-03-07 is done. Data added: 6
[2025-03-08 01:20:35,664] INFO [libCANBUS.output.update_DB:54] Number of New CAN BUS devices: 0
[2025-03-08 03:40:05,607] INFO [email_log.run:226] Checking log files now.
[2025-03-08 03:40:05,607] INFO [email_log.run:230] No error found today.
[2025-03-09 01:20:34,535] INFO [libCANBUS.checking.fuel_check:72] Fuel check for 2025-03-08 is done. Data added: 45
[2025-03-09 01:20:34,894] INFO [libCANBUS.checking.battery_check:137] Battery check for 2025-03-08 is done. Data added: 6
[2025-03-09 01:20:35,003] INFO [libCANBUS.output.update_DB:54] Number of New CAN BUS devices: 0
[2025-03-09 03:40:05,633] INFO [email_log.run:226] Checking log files now.
[2025-03-09 03:40:05,633] INFO [email_log.run:230] No error found today.
[2025-03-10 01:20:34,349] INFO [libCANBUS.checking.fuel_check:72] Fuel check for 2025-03-09 is done. Data added: 62
[2025-03-10 01:20:34,677] INFO [libCANBUS.checking.battery_check:137] Battery check for 2025-03-09 is done. Data added: 4
[2025-03-10 01:20:34,786] INFO [libCANBUS.output.update_DB:54] Number of New CAN BUS devices: 0
[2025-03-10 03:40:05,599] INFO [email_log.run:226] Checking log files now.
[2025-03-10 03:40:05,614] INFO [email_log.run:230] No error found today.
[2025-03-11 01:20:34,476] INFO [libCANBUS.checking.fuel_check:72] Fuel check for 2025-03-10 is done. Data added: 85
[2025-03-11 01:20:34,819] INFO [libCANBUS.checking.battery_check:137] Battery check for 2025-03-10 is done. Data added: 14
[2025-03-11 01:20:35,396] INFO [libCANBUS.output.update_DB:54] Number of New CAN BUS devices: 1
[2025-03-11 03:40:05,606] INFO [email_log.run:226] Checking log files now.
[2025-03-11 03:40:05,621] INFO [email_log.run:230] No error found today.
[2025-03-12 01:20:34,741] INFO [libCANBUS.checking.fuel_check:72] Fuel check for 2025-03-11 is done. Data added: 98
[2025-03-12 01:20:35,131] INFO [libCANBUS.checking.battery_check:137] Battery check for 2025-03-11 is done. Data added: 8
[2025-03-12 01:20:35,646] INFO [libCANBUS.output.update_DB:54] Number of New CAN BUS devices: 0
[2025-03-12 03:40:05,580] INFO [email_log.run:226] Checking log files now.
[2025-03-12 03:40:05,580] INFO [email_log.run:230] No error found today.
[2025-03-13 01:20:34,321] INFO [libCANBUS.checking.fuel_check:72] Fuel check for 2025-03-12 is done. Data added: 70
[2025-03-13 01:20:34,742] INFO [libCANBUS.checking.battery_check:137] Battery check for 2025-03-12 is done. Data added: 18
[2025-03-13 01:20:35,008] INFO [libCANBUS.output.update_DB:54] Number of New CAN BUS devices: 0
[2025-03-13 03:40:05,621] INFO [email_log.run:226] Checking log files now.
[2025-03-13 03:40:05,636] INFO [email_log.run:230] No error found today.
[2025-03-14 01:20:34,742] INFO [libCANBUS.checking.fuel_check:72] Fuel check for 2025-03-13 is done. Data added: 81
[2025-03-14 01:20:35,148] INFO [libCANBUS.checking.battery_check:137] Battery check for 2025-03-13 is done. Data added: 12
[2025-03-14 01:20:35,632] INFO [libCANBUS.output.update_DB:54] Number of New CAN BUS devices: 0
[2025-03-14 03:40:05,592] INFO [email_log.run:226] Checking log files now.
[2025-03-14 03:40:05,608] INFO [email_log.run:230] No error found today.
[2025-03-15 01:20:34,637] INFO [libCANBUS.checking.fuel_check:72] Fuel check for 2025-03-14 is done. Data added: 169
[2025-03-15 01:20:35,089] INFO [libCANBUS.checking.battery_check:137] Battery check for 2025-03-14 is done. Data added: 8
[2025-03-15 01:20:35,666] INFO [libCANBUS.output.update_DB:54] Number of New CAN BUS devices: 0
[2025-03-15 03:40:05,573] INFO [email_log.run:226] Checking log files now.
[2025-03-15 03:40:05,589] INFO [email_log.run:230] No error found today.
[2025-03-16 01:20:34,539] INFO [libCANBUS.checking.fuel_check:72] Fuel check for 2025-03-15 is done. Data added: 32
[2025-03-16 01:20:34,929] INFO [libCANBUS.checking.battery_check:137] Battery check for 2025-03-15 is done. Data added: 3
[2025-03-16 01:20:35,085] INFO [libCANBUS.output.update_DB:54] Number of New CAN BUS devices: 0
[2025-03-16 03:40:05,621] INFO [email_log.run:226] Checking log files now.
[2025-03-16 03:40:05,636] INFO [email_log.run:230] No error found today.
[2025-03-17 01:20:34,325] INFO [libCANBUS.checking.fuel_check:72] Fuel check for 2025-03-16 is done. Data added: 56
[2025-03-17 01:20:34,653] INFO [libCANBUS.checking.battery_check:137] Battery check for 2025-03-16 is done. Data added: 0
[2025-03-17 01:20:34,949] INFO [libCANBUS.output.update_DB:54] Number of New CAN BUS devices: 0
[2025-03-17 03:40:05,660] INFO [email_log.run:226] Checking log files now.
[2025-03-17 03:40:05,660] INFO [email_log.run:230] No error found today.
[2025-03-18 01:20:35,073] INFO [libCANBUS.checking.fuel_check:72] Fuel check for 2025-03-17 is done. Data added: 67
[2025-03-18 01:20:35,478] INFO [libCANBUS.checking.battery_check:137] Battery check for 2025-03-17 is done. Data added: 20
[2025-03-18 01:20:35,634] INFO [libCANBUS.output.update_DB:54] Number of New CAN BUS devices: 0
[2025-03-18 03:40:05,605] INFO [email_log.run:226] Checking log files now.
[2025-03-18 03:40:05,621] INFO [email_log.run:230] No error found today.
[2025-03-19 01:20:34,402] INFO [libCANBUS.checking.fuel_check:72] Fuel check for 2025-03-18 is done. Data added: 129
[2025-03-19 01:20:34,814] INFO [libCANBUS.checking.battery_check:137] Battery check for 2025-03-18 is done. Data added: 1
[2025-03-19 01:20:35,073] INFO [libCANBUS.output.update_DB:54] Number of New CAN BUS devices: 0
[2025-03-19 03:40:05,610] INFO [email_log.run:226] Checking log files now.
[2025-03-19 03:40:05,610] INFO [email_log.run:230] No error found today.
[2025-03-20 01:20:34,718] INFO [libCANBUS.checking.fuel_check:72] Fuel check for 2025-03-19 is done. Data added: 121
[2025-03-20 01:20:35,124] INFO [libCANBUS.checking.battery_check:137] Battery check for 2025-03-19 is done. Data added: 2
[2025-03-20 01:20:35,623] INFO [libCANBUS.output.update_DB:54] Number of New CAN BUS devices: 0
[2025-03-20 03:40:05,608] INFO [email_log.run:226] Checking log files now.
[2025-03-20 03:40:05,608] INFO [email_log.run:230] No error found today.
[2025-03-21 01:20:34,535] INFO [libCANBUS.checking.fuel_check:72] Fuel check for 2025-03-20 is done. Data added: 115
[2025-03-21 01:20:34,925] INFO [libCANBUS.checking.battery_check:137] Battery check for 2025-03-20 is done. Data added: 7
[2025-03-21 01:20:35,517] INFO [libCANBUS.output.update_DB:54] Number of New CAN BUS devices: 0
[2025-03-21 03:40:05,658] INFO [email_log.run:226] Checking log files now.
[2025-03-21 03:40:05,674] INFO [email_log.run:230] No error found today.
[2025-03-22 01:20:34,858] INFO [libCANBUS.checking.fuel_check:72] Fuel check for 2025-03-21 is done. Data added: 127
[2025-03-22 01:20:35,264] INFO [libCANBUS.checking.battery_check:137] Battery check for 2025-03-21 is done. Data added: 4
[2025-03-22 01:20:35,779] INFO [libCANBUS.output.update_DB:54] Number of New CAN BUS devices: 0
[2025-03-22 03:40:05,666] INFO [email_log.run:226] Checking log files now.
[2025-03-22 03:40:05,666] INFO [email_log.run:230] No error found today.
[2025-03-23 01:20:34,170] INFO [libCANBUS.checking.fuel_check:72] Fuel check for 2025-03-22 is done. Data added: 45
[2025-03-23 01:20:34,529] INFO [libCANBUS.checking.battery_check:137] Battery check for 2025-03-22 is done. Data added: 8
[2025-03-23 01:20:34,638] INFO [libCANBUS.output.update_DB:54] Number of New CAN BUS devices: 0
[2025-03-23 03:40:05,571] INFO [email_log.run:226] Checking log files now.
[2025-03-23 03:40:05,571] INFO [email_log.run:230] No error found today.
[2025-03-24 01:20:34,133] INFO [libCANBUS.checking.fuel_check:72] Fuel check for 2025-03-23 is done. Data added: 44
[2025-03-24 01:20:34,460] INFO [libCANBUS.checking.battery_check:137] Battery check for 2025-03-23 is done. Data added: 1
[2025-03-24 01:20:34,569] INFO [libCANBUS.output.update_DB:54] Number of New CAN BUS devices: 0
[2025-03-24 03:40:05,716] INFO [email_log.run:226] Checking log files now.
[2025-03-24 03:40:05,732] INFO [email_log.run:230] No error found today.
[2025-03-25 01:20:35,136] INFO [libCANBUS.checking.fuel_check:72] Fuel check for 2025-03-24 is done. Data added: 93
[2025-03-25 01:20:35,713] INFO [libCANBUS.checking.battery_check:137] Battery check for 2025-03-24 is done. Data added: 1
[2025-03-25 01:20:35,916] INFO [libCANBUS.output.update_DB:54] Number of New CAN BUS devices: 2
[2025-03-25 03:40:05,656] INFO [email_log.run:226] Checking log files now.
[2025-03-25 03:40:05,672] INFO [email_log.run:230] No error found today.
[2025-03-26 01:20:34,802] INFO [libCANBUS.checking.fuel_check:72] Fuel check for 2025-03-25 is done. Data added: 123
[2025-03-26 01:20:35,223] INFO [libCANBUS.checking.battery_check:137] Battery check for 2025-03-25 is done. Data added: 2
[2025-03-26 01:20:35,723] INFO [libCANBUS.output.update_DB:54] Number of New CAN BUS devices: 0
[2025-03-26 03:40:05,628] INFO [email_log.run:226] Checking log files now.
[2025-03-26 03:40:05,644] INFO [email_log.run:230] No error found today.
[2025-03-27 01:20:34,661] INFO [libCANBUS.checking.fuel_check:72] Fuel check for 2025-03-26 is done. Data added: 140
[2025-03-27 01:20:35,161] INFO [libCANBUS.checking.battery_check:137] Battery check for 2025-03-26 is done. Data added: 0
[2025-03-27 01:20:35,332] INFO [libCANBUS.output.update_DB:54] Number of New CAN BUS devices: 0
[2025-03-27 03:40:05,610] INFO [email_log.run:226] Checking log files now.
[2025-03-27 03:40:05,610] INFO [email_log.run:230] No error found today.
[2025-03-28 01:20:34,502] INFO [libCANBUS.checking.fuel_check:72] Fuel check for 2025-03-27 is done. Data added: 73
[2025-03-28 01:20:34,861] INFO [libCANBUS.checking.battery_check:137] Battery check for 2025-03-27 is done. Data added: 0
[2025-03-28 01:20:34,986] INFO [libCANBUS.output.update_DB:54] Number of New CAN BUS devices: 2
[2025-03-28 03:40:05,631] INFO [email_log.run:226] Checking log files now.
[2025-03-28 03:40:05,647] INFO [email_log.run:230] No error found today.
[2025-03-29 01:20:34,358] INFO [libCANBUS.checking.fuel_check:72] Fuel check for 2025-03-28 is done. Data added: 69
[2025-03-29 01:20:34,779] INFO [libCANBUS.checking.battery_check:137] Battery check for 2025-03-28 is done. Data added: 2
[2025-03-29 01:20:34,889] INFO [libCANBUS.output.update_DB:54] Number of New CAN BUS devices: 0
[2025-03-29 03:40:05,682] INFO [email_log.run:226] Checking log files now.
[2025-03-29 03:40:05,697] INFO [email_log.run:230] No error found today.
[2025-03-30 01:20:34,611] INFO [libCANBUS.checking.fuel_check:72] Fuel check for 2025-03-29 is done. Data added: 28
[2025-03-30 01:20:34,985] INFO [libCANBUS.checking.battery_check:137] Battery check for 2025-03-29 is done. Data added: 1
[2025-03-30 01:20:35,063] INFO [libCANBUS.output.update_DB:54] Number of New CAN BUS devices: 0
[2025-03-30 03:40:05,641] INFO [email_log.run:226] Checking log files now.
[2025-03-30 03:40:05,641] INFO [email_log.run:230] No error found today.
[2025-03-31 01:20:34,581] INFO [libCANBUS.checking.fuel_check:72] Fuel check for 2025-03-30 is done. Data added: 21
[2025-03-31 01:20:34,924] INFO [libCANBUS.checking.battery_check:137] Battery check for 2025-03-30 is done. Data added: 0
[2025-03-31 01:20:35,002] INFO [libCANBUS.output.update_DB:54] Number of New CAN BUS devices: 0
[2025-03-31 03:40:05,646] INFO [email_log.run:226] Checking log files now.
[2025-03-31 03:40:05,646] INFO [email_log.run:230] No error found today.
[2025-04-01 01:20:34,328] INFO [libCANBUS.checking.fuel_check:72] Fuel check for 2025-03-31 is done. Data added: 51
[2025-04-01 01:20:34,624] INFO [libCANBUS.checking.battery_check:137] Battery check for 2025-03-31 is done. Data added: 0
[2025-04-01 01:20:34,749] INFO [libCANBUS.output.update_DB:54] Number of New CAN BUS devices: 0
[2025-04-01 03:40:05,633] INFO [email_log.run:226] Checking log files now.
[2025-04-01 03:40:05,648] INFO [email_log.run:230] No error found today.
[2025-04-02 01:20:34,321] INFO [libCANBUS.checking.fuel_check:72] Fuel check for 2025-04-01 is done. Data added: 87
[2025-04-02 01:20:34,680] INFO [libCANBUS.checking.battery_check:137] Battery check for 2025-04-01 is done. Data added: 2
[2025-04-02 01:20:34,789] INFO [libCANBUS.output.update_DB:54] Number of New CAN BUS devices: 1
[2025-04-02 03:40:05,580] INFO [email_log.run:226] Checking log files now.
[2025-04-02 03:40:05,595] INFO [email_log.run:230] No error found today.
[2025-04-03 01:20:34,723] INFO [libCANBUS.checking.fuel_check:72] Fuel check for 2025-04-02 is done. Data added: 75
[2025-04-03 01:20:35,128] INFO [libCANBUS.checking.battery_check:137] Battery check for 2025-04-02 is done. Data added: 0
[2025-04-03 01:20:35,253] INFO [libCANBUS.output.update_DB:54] Number of New CAN BUS devices: 1
[2025-04-03 03:40:05,612] INFO [email_log.run:226] Checking log files now.
[2025-04-03 03:40:05,612] INFO [email_log.run:230] No error found today.
[2025-04-04 01:20:34,669] INFO [libCANBUS.checking.fuel_check:72] Fuel check for 2025-04-03 is done. Data added: 69
[2025-04-04 01:20:35,090] INFO [libCANBUS.checking.battery_check:137] Battery check for 2025-04-03 is done. Data added: 0
[2025-04-04 01:20:35,230] INFO [libCANBUS.output.update_DB:54] Number of New CAN BUS devices: 0
[2025-04-04 03:40:05,596] INFO [email_log.run:226] Checking log files now.
[2025-04-04 03:40:05,611] INFO [email_log.run:230] No error found today.
[2025-04-05 01:20:34,683] INFO [libCANBUS.checking.fuel_check:72] Fuel check for 2025-04-04 is done. Data added: 87
[2025-04-05 01:20:34,995] INFO [libCANBUS.checking.battery_check:137] Battery check for 2025-04-04 is done. Data added: 1
[2025-04-05 01:20:35,135] INFO [libCANBUS.output.update_DB:54] Number of New CAN BUS devices: 0
[2025-04-05 03:40:05,620] INFO [email_log.run:226] Checking log files now.
[2025-04-05 03:40:05,620] INFO [email_log.run:230] No error found today.
[2025-04-06 01:20:34,585] INFO [libCANBUS.checking.fuel_check:72] Fuel check for 2025-04-05 is done. Data added: 68
[2025-04-06 01:20:34,897] INFO [libCANBUS.checking.battery_check:137] Battery check for 2025-04-05 is done. Data added: 0
[2025-04-06 01:20:35,100] INFO [libCANBUS.output.update_DB:54] Number of New CAN BUS devices: 0
[2025-04-06 03:40:05,578] INFO [email_log.run:226] Checking log files now.
[2025-04-06 03:40:05,578] INFO [email_log.run:230] No error found today.
[2025-04-07 01:20:34,294] INFO [libCANBUS.checking.fuel_check:72] Fuel check for 2025-04-06 is done. Data added: 75
[2025-04-07 01:20:34,621] INFO [libCANBUS.checking.battery_check:137] Battery check for 2025-04-06 is done. Data added: 0
[2025-04-07 01:20:34,762] INFO [libCANBUS.output.update_DB:54] Number of New CAN BUS devices: 0
[2025-04-07 03:40:05,576] INFO [email_log.run:226] Checking log files now.
[2025-04-07 03:40:05,591] INFO [email_log.run:230] No error found today.
[2025-04-08 01:20:34,682] INFO [libCANBUS.checking.fuel_check:72] Fuel check for 2025-04-07 is done. Data added: 61
[2025-04-08 01:20:35,056] INFO [libCANBUS.checking.battery_check:137] Battery check for 2025-04-07 is done. Data added: 1
[2025-04-08 01:20:35,571] INFO [libCANBUS.output.update_DB:54] Number of New CAN BUS devices: 1
[2025-04-08 03:40:05,654] INFO [email_log.run:226] Checking log files now.
[2025-04-08 03:40:05,670] INFO [email_log.run:230] No error found today.
[2025-04-09 01:20:34,753] INFO [libCANBUS.checking.fuel_check:72] Fuel check for 2025-04-08 is done. Data added: 91
[2025-04-09 01:20:35,190] INFO [libCANBUS.checking.battery_check:137] Battery check for 2025-04-08 is done. Data added: 2
[2025-04-09 01:20:35,346] INFO [libCANBUS.output.update_DB:54] Number of New CAN BUS devices: 3
[2025-04-09 03:40:05,696] INFO [email_log.run:226] Checking log files now.
[2025-04-09 03:40:05,712] INFO [email_log.run:230] No error found today.
[2025-04-10 01:20:34,647] INFO [libCANBUS.checking.fuel_check:72] Fuel check for 2025-04-09 is done. Data added: 52
[2025-04-10 01:20:34,990] INFO [libCANBUS.checking.battery_check:137] Battery check for 2025-04-09 is done. Data added: 0
[2025-04-10 01:20:35,099] INFO [libCANBUS.output.update_DB:54] Number of New CAN BUS devices: 1
[2025-04-10 03:40:06,207] INFO [email_log.run:226] Checking log files now.
[2025-04-10 03:40:06,207] INFO [email_log.run:230] No error found today.
[2025-04-11 01:20:34,583] INFO [libCANBUS.checking.fuel_check:72] Fuel check for 2025-04-10 is done. Data added: 161
[2025-04-11 01:20:34,973] INFO [libCANBUS.checking.battery_check:137] Battery check for 2025-04-10 is done. Data added: 0
[2025-04-11 01:20:35,488] INFO [libCANBUS.output.update_DB:54] Number of New CAN BUS devices: 0
[2025-04-11 03:40:05,688] INFO [email_log.run:226] Checking log files now.
[2025-04-11 03:40:05,704] INFO [email_log.run:230] No error found today.
[2025-04-12 01:20:34,845] INFO [libCANBUS.checking.fuel_check:72] Fuel check for 2025-04-11 is done. Data added: 81
[2025-04-12 01:20:35,188] INFO [libCANBUS.checking.battery_check:137] Battery check for 2025-04-11 is done. Data added: 11
[2025-04-12 01:20:35,750] INFO [libCANBUS.output.update_DB:54] Number of New CAN BUS devices: 1
[2025-04-12 03:40:05,684] INFO [email_log.run:226] Checking log files now.
[2025-04-12 03:40:05,700] INFO [email_log.run:230] No error found today.
[2025-04-13 01:20:34,512] INFO [libCANBUS.checking.fuel_check:72] Fuel check for 2025-04-12 is done. Data added: 73
[2025-04-13 01:20:34,886] INFO [libCANBUS.checking.battery_check:137] Battery check for 2025-04-12 is done. Data added: 0
[2025-04-13 01:20:34,964] INFO [libCANBUS.output.update_DB:54] Number of New CAN BUS devices: 0
[2025-04-13 03:40:05,587] INFO [email_log.run:226] Checking log files now.
[2025-04-13 03:40:05,602] INFO [email_log.run:230] No error found today.
[2025-04-14 01:20:34,385] INFO [libCANBUS.checking.fuel_check:72] Fuel check for 2025-04-13 is done. Data added: 109
[2025-04-14 01:20:34,713] INFO [libCANBUS.checking.battery_check:137] Battery check for 2025-04-13 is done. Data added: 0
[2025-04-14 01:20:35,212] INFO [libCANBUS.output.update_DB:54] Number of New CAN BUS devices: 0
[2025-04-14 03:40:05,663] INFO [email_log.run:226] Checking log files now.
[2025-04-14 03:40:05,679] INFO [email_log.run:230] No error found today.
[2025-04-15 01:20:34,985] INFO [libCANBUS.checking.fuel_check:72] Fuel check for 2025-04-14 is done. Data added: 130
[2025-04-15 01:20:35,359] INFO [libCANBUS.checking.battery_check:137] Battery check for 2025-04-14 is done. Data added: 2
[2025-04-15 01:20:36,373] INFO [libCANBUS.output.update_DB:54] Number of New CAN BUS devices: 0
[2025-04-15 03:40:05,669] INFO [email_log.run:226] Checking log files now.
[2025-04-15 03:40:05,684] INFO [email_log.run:230] No error found today.
[2025-04-16 01:20:34,673] INFO [libCANBUS.checking.fuel_check:72] Fuel check for 2025-04-15 is done. Data added: 146
[2025-04-16 01:20:35,079] INFO [libCANBUS.checking.battery_check:137] Battery check for 2025-04-15 is done. Data added: 1
[2025-04-16 01:20:35,609] INFO [libCANBUS.output.update_DB:54] Number of New CAN BUS devices: 0
[2025-04-16 03:40:05,635] INFO [email_log.run:226] Checking log files now.
[2025-04-16 03:40:05,635] INFO [email_log.run:230] No error found today.
[2025-04-17 01:20:35,112] INFO [libCANBUS.checking.fuel_check:72] Fuel check for 2025-04-16 is done. Data added: 112
[2025-04-17 01:20:35,502] INFO [libCANBUS.checking.battery_check:137] Battery check for 2025-04-16 is done. Data added: 2
[2025-04-17 01:20:35,954] INFO [libCANBUS.output.update_DB:54] Number of New CAN BUS devices: 0
[2025-04-17 03:40:05,628] INFO [email_log.run:226] Checking log files now.
[2025-04-17 03:40:05,644] INFO [email_log.run:230] No error found today.
[2025-04-18 01:20:34,886] INFO [libCANBUS.checking.fuel_check:72] Fuel check for 2025-04-17 is done. Data added: 101
[2025-04-18 01:20:35,292] INFO [libCANBUS.checking.battery_check:137] Battery check for 2025-04-17 is done. Data added: 1
[2025-04-18 01:20:35,791] INFO [libCANBUS.output.update_DB:54] Number of New CAN BUS devices: 0
[2025-04-18 03:40:05,737] INFO [email_log.run:226] Checking log files now.
[2025-04-18 03:40:05,753] INFO [email_log.run:230] No error found today.
[2025-04-19 01:20:34,473] INFO [libCANBUS.checking.fuel_check:72] Fuel check for 2025-04-18 is done. Data added: 70
[2025-04-19 01:20:34,863] INFO [libCANBUS.checking.battery_check:137] Battery check for 2025-04-18 is done. Data added: 0
[2025-04-19 01:20:35,003] INFO [libCANBUS.output.update_DB:54] Number of New CAN BUS devices: 0
[2025-04-19 03:40:05,586] INFO [email_log.run:226] Checking log files now.
[2025-04-19 03:40:05,649] INFO [email_log.run:230] No error found today.
[2025-04-20 01:20:34,951] INFO [libCANBUS.checking.fuel_check:72] Fuel check for 2025-04-19 is done. Data added: 100
[2025-04-20 01:20:35,414] INFO [libCANBUS.checking.battery_check:137] Battery check for 2025-04-19 is done. Data added: 0
[2025-04-20 01:20:35,959] INFO [libCANBUS.output.update_DB:54] Number of New CAN BUS devices: 0
[2025-04-20 03:40:05,699] INFO [email_log.run:226] Checking log files now.
[2025-04-20 03:40:05,708] INFO [email_log.run:230] No error found today.
[2025-04-21 01:20:34,735] INFO [libCANBUS.checking.fuel_check:72] Fuel check for 2025-04-20 is done. Data added: 110
[2025-04-21 01:20:35,063] INFO [libCANBUS.checking.battery_check:137] Battery check for 2025-04-20 is done. Data added: 0
[2025-04-21 01:20:35,562] INFO [libCANBUS.output.update_DB:54] Number of New CAN BUS devices: 0
[2025-04-22 01:20:35,290] INFO [libCANBUS.checking.fuel_check:72] Fuel check for 2025-04-21 is done. Data added: 147
[2025-04-22 01:20:35,664] INFO [libCANBUS.checking.battery_check:137] Battery check for 2025-04-21 is done. Data added: 0
[2025-04-22 01:20:35,836] INFO [libCANBUS.output.update_DB:54] Number of New CAN BUS devices: 0
[2025-04-22 03:40:07,222] INFO [email_log.run:226] Checking log files now.
[2025-04-22 03:40:07,222] INFO [email_log.run:230] No error found today.
[2025-04-23 01:20:34,620] INFO [libCANBUS.checking.fuel_check:72] Fuel check for 2025-04-22 is done. Data added: 118
[2025-04-23 01:20:35,073] INFO [libCANBUS.checking.battery_check:137] Battery check for 2025-04-22 is done. Data added: 0
[2025-04-23 01:20:35,213] INFO [libCANBUS.output.update_DB:54] Number of New CAN BUS devices: 0
[2025-04-23 03:40:05,616] INFO [email_log.run:226] Checking log files now.
[2025-04-23 03:40:05,616] INFO [email_log.run:230] No error found today.
[2025-04-24 01:20:34,358] INFO [libCANBUS.checking.fuel_check:72] Fuel check for 2025-04-23 is done. Data added: 121
[2025-04-24 01:20:34,842] INFO [libCANBUS.checking.battery_check:137] Battery check for 2025-04-23 is done. Data added: 2
[2025-04-24 01:20:34,966] INFO [libCANBUS.output.update_DB:54] Number of New CAN BUS devices: 0
[2025-04-24 03:40:05,496] INFO [email_log.run:226] Checking log files now.
[2025-04-24 03:40:05,496] INFO [email_log.run:230] No error found today.
[2025-04-25 01:20:34,679] INFO [libCANBUS.checking.fuel_check:72] Fuel check for 2025-04-24 is done. Data added: 117
[2025-04-25 01:20:35,288] INFO [libCANBUS.checking.battery_check:137] Battery check for 2025-04-24 is done. Data added: 0
[2025-04-25 01:20:35,568] INFO [libCANBUS.output.update_DB:54] Number of New CAN BUS devices: 0
[2025-04-25 03:40:05,615] INFO [email_log.run:226] Checking log files now.
[2025-04-25 03:40:05,615] INFO [email_log.run:230] No error found today.
[2025-04-26 01:20:35,090] INFO [libCANBUS.checking.fuel_check:72] Fuel check for 2025-04-25 is done. Data added: 96
[2025-04-26 01:20:35,589] INFO [libCANBUS.checking.battery_check:137] Battery check for 2025-04-25 is done. Data added: 2
[2025-04-26 01:20:35,823] INFO [libCANBUS.output.update_DB:54] Number of New CAN BUS devices: 0
[2025-04-26 03:40:05,650] INFO [email_log.run:226] Checking log files now.
[2025-04-26 03:40:05,650] INFO [email_log.run:230] No error found today.
[2025-04-27 01:20:34,542] INFO [libCANBUS.checking.fuel_check:72] Fuel check for 2025-04-26 is done. Data added: 91
[2025-04-27 01:20:34,948] INFO [libCANBUS.checking.battery_check:137] Battery check for 2025-04-26 is done. Data added: 0
[2025-04-27 01:20:35,104] INFO [libCANBUS.output.update_DB:54] Number of New CAN BUS devices: 0
[2025-04-27 03:40:05,552] INFO [email_log.run:226] Checking log files now.
[2025-04-27 03:40:05,552] INFO [email_log.run:230] No error found today.
[2025-04-28 01:20:34,210] INFO [libCANBUS.checking.fuel_check:72] Fuel check for 2025-04-27 is done. Data added: 74
[2025-04-28 01:20:34,615] INFO [libCANBUS.checking.battery_check:137] Battery check for 2025-04-27 is done. Data added: 0
[2025-04-28 01:20:34,771] INFO [libCANBUS.output.update_DB:54] Number of New CAN BUS devices: 0
[2025-04-28 03:40:05,619] INFO [email_log.run:226] Checking log files now.
[2025-04-28 03:40:05,619] INFO [email_log.run:230] No error found today.
[2025-04-28 07:42:12,692] INFO [libCANBUS.checking.fuel_check:72] Fuel check for 2025-04-27 is done. Data added: 74
[2025-04-28 07:42:13,066] INFO [libCANBUS.checking.battery_check:137] Battery check for 2025-04-27 is done. Data added: 0
[2025-04-28 07:42:13,191] INFO [libCANBUS.output.update_DB:54] Number of New CAN BUS devices: 0
[2025-04-29 01:20:34,486] INFO [libCANBUS.checking.fuel_check:72] Fuel check for 2025-04-28 is done. Data added: 129
[2025-04-29 01:20:35,017] INFO [libCANBUS.checking.battery_check:137] Battery check for 2025-04-28 is done. Data added: 0
[2025-04-29 01:20:35,422] INFO [libCANBUS.output.update_DB:54] Number of New CAN BUS devices: 0
[2025-04-29 03:40:05,633] INFO [email_log.run:226] Checking log files now.
[2025-04-29 03:40:05,633] INFO [email_log.run:230] No error found today.
[2025-04-30 01:20:34,576] INFO [libCANBUS.checking.fuel_check:72] Fuel check for 2025-04-29 is done. Data added: 74
[2025-04-30 01:20:35,060] INFO [libCANBUS.checking.battery_check:137] Battery check for 2025-04-29 is done. Data added: 1
[2025-04-30 01:20:35,262] INFO [libCANBUS.output.update_DB:54] Number of New CAN BUS devices: 0
[2025-04-30 03:40:05,553] INFO [email_log.run:226] Checking log files now.
[2025-04-30 03:40:05,569] INFO [email_log.run:230] No error found today.
[2025-05-01 01:20:34,493] INFO [libCANBUS.checking.fuel_check:72] Fuel check for 2025-04-30 is done. Data added: 99
[2025-05-01 01:20:34,867] INFO [libCANBUS.checking.battery_check:137] Battery check for 2025-04-30 is done. Data added: 0
[2025-05-01 01:20:34,992] INFO [libCANBUS.output.update_DB:54] Number of New CAN BUS devices: 0
[2025-05-01 03:40:05,616] INFO [email_log.run:226] Checking log files now.
[2025-05-01 03:40:05,632] INFO [email_log.run:230] No error found today.
[2025-05-02 01:20:34,064] INFO [libCANBUS.checking.fuel_check:72] Fuel check for 2025-05-01 is done. Data added: 55
[2025-05-02 01:20:34,454] INFO [libCANBUS.checking.battery_check:137] Battery check for 2025-05-01 is done. Data added: 0
[2025-05-02 01:20:34,564] INFO [libCANBUS.output.update_DB:54] Number of New CAN BUS devices: 0
[2025-05-02 03:40:05,571] INFO [email_log.run:226] Checking log files now.
[2025-05-02 03:40:05,587] INFO [email_log.run:230] No error found today.
[2025-05-03 01:20:36,461] INFO [libCANBUS.checking.fuel_check:72] Fuel check for 2025-05-02 is done. Data added: 111
[2025-05-03 01:20:37,459] INFO [libCANBUS.checking.battery_check:137] Battery check for 2025-05-02 is done. Data added: 1
[2025-05-03 01:20:38,037] INFO [libCANBUS.output.update_DB:54] Number of New CAN BUS devices: 2
[2025-05-03 03:40:05,917] INFO [email_log.run:226] Checking log files now.
[2025-05-03 03:40:05,917] INFO [email_log.run:230] No error found today.
[2025-05-04 01:20:34,452] INFO [libCANBUS.checking.fuel_check:72] Fuel check for 2025-05-03 is done. Data added: 73
[2025-05-04 01:20:34,810] INFO [libCANBUS.checking.battery_check:137] Battery check for 2025-05-03 is done. Data added: 0
[2025-05-04 01:20:34,935] INFO [libCANBUS.output.update_DB:54] Number of New CAN BUS devices: 0
[2025-05-04 03:40:05,611] INFO [email_log.run:226] Checking log files now.
[2025-05-04 03:40:05,611] INFO [email_log.run:230] No error found today.
[2025-05-05 01:20:34,393] INFO [libCANBUS.checking.fuel_check:72] Fuel check for 2025-05-04 is done. Data added: 83
[2025-05-05 01:20:34,736] INFO [libCANBUS.checking.battery_check:137] Battery check for 2025-05-04 is done. Data added: 0
[2025-05-05 01:20:34,923] INFO [libCANBUS.output.update_DB:54] Number of New CAN BUS devices: 0
[2025-05-05 03:40:05,600] INFO [email_log.run:226] Checking log files now.
[2025-05-05 03:40:05,600] INFO [email_log.run:230] No error found today.
[2025-05-06 01:20:34,826] INFO [libCANBUS.checking.fuel_check:72] Fuel check for 2025-05-05 is done. Data added: 97
[2025-05-06 01:20:35,241] INFO [libCANBUS.checking.battery_check:137] Battery check for 2025-05-05 is done. Data added: 3
[2025-05-06 01:20:35,405] INFO [libCANBUS.output.update_DB:54] Number of New CAN BUS devices: 0
[2025-05-06 03:40:05,589] INFO [email_log.run:226] Checking log files now.
[2025-05-06 03:40:05,600] INFO [email_log.run:230] No error found today.
[2025-05-07 01:20:34,708] INFO [libCANBUS.checking.fuel_check:72] Fuel check for 2025-05-06 is done. Data added: 86
[2025-05-07 01:20:35,223] INFO [libCANBUS.checking.battery_check:137] Battery check for 2025-05-06 is done. Data added: 1
[2025-05-07 01:20:35,379] INFO [libCANBUS.output.update_DB:54] Number of New CAN BUS devices: 1
[2025-05-07 03:40:05,617] INFO [email_log.run:226] Checking log files now.
[2025-05-07 03:40:05,617] INFO [email_log.run:230] No error found today.
[2025-05-08 01:20:34,366] INFO [libCANBUS.checking.fuel_check:72] Fuel check for 2025-05-07 is done. Data added: 121
[2025-05-08 01:20:34,803] INFO [libCANBUS.checking.battery_check:137] Battery check for 2025-05-07 is done. Data added: 4
[2025-05-08 01:20:34,944] INFO [libCANBUS.output.update_DB:54] Number of New CAN BUS devices: 0
[2025-05-08 03:40:05,530] INFO [email_log.run:226] Checking log files now.
[2025-05-08 03:40:05,530] INFO [email_log.run:230] No error found today.
[2025-05-09 01:20:34,444] INFO [libCANBUS.checking.fuel_check:72] Fuel check for 2025-05-08 is done. Data added: 51
[2025-05-09 01:20:34,880] INFO [libCANBUS.checking.battery_check:137] Battery check for 2025-05-08 is done. Data added: 0
[2025-05-09 01:20:35,005] INFO [libCANBUS.output.update_DB:54] Number of New CAN BUS devices: 0
[2025-05-09 03:40:05,582] INFO [email_log.run:226] Checking log files now.
[2025-05-09 03:40:05,597] INFO [email_log.run:230] No error found today.
[2025-05-10 01:20:34,420] INFO [libCANBUS.checking.fuel_check:72] Fuel check for 2025-05-09 is done. Data added: 66
[2025-05-10 01:20:34,841] INFO [libCANBUS.checking.battery_check:137] Battery check for 2025-05-09 is done. Data added: 1
[2025-05-10 01:20:34,935] INFO [libCANBUS.output.update_DB:54] Number of New CAN BUS devices: 1
[2025-05-10 03:40:05,617] INFO [email_log.run:226] Checking log files now.
[2025-05-10 03:40:05,632] INFO [email_log.run:230] No error found today.
[2025-05-11 01:20:34,279] INFO [libCANBUS.checking.fuel_check:72] Fuel check for 2025-05-10 is done. Data added: 33
[2025-05-11 01:20:34,684] INFO [libCANBUS.checking.battery_check:137] Battery check for 2025-05-10 is done. Data added: 1
[2025-05-11 01:20:34,778] INFO [libCANBUS.output.update_DB:54] Number of New CAN BUS devices: 0
[2025-05-11 03:40:05,618] INFO [email_log.run:226] Checking log files now.
[2025-05-11 03:40:05,618] INFO [email_log.run:230] No error found today.
[2025-05-12 01:20:34,238] INFO [libCANBUS.checking.fuel_check:72] Fuel check for 2025-05-11 is done. Data added: 43
[2025-05-12 01:20:34,628] INFO [libCANBUS.checking.battery_check:137] Battery check for 2025-05-11 is done. Data added: 1
[2025-05-12 01:20:34,753] INFO [libCANBUS.output.update_DB:54] Number of New CAN BUS devices: 0
[2025-05-12 03:40:05,637] INFO [email_log.run:226] Checking log files now.
[2025-05-12 03:40:05,637] INFO [email_log.run:230] No error found today.
[2025-05-13 01:20:34,304] INFO [libCANBUS.checking.fuel_check:72] Fuel check for 2025-05-12 is done. Data added: 39
[2025-05-13 01:20:34,601] INFO [libCANBUS.checking.battery_check:137] Battery check for 2025-05-12 is done. Data added: 0
[2025-05-13 01:20:34,710] INFO [libCANBUS.output.update_DB:54] Number of New CAN BUS devices: 0
[2025-05-13 03:40:05,585] INFO [email_log.run:226] Checking log files now.
[2025-05-13 03:40:05,601] INFO [email_log.run:230] No error found today.
[2025-05-14 01:20:34,737] INFO [libCANBUS.checking.fuel_check:72] Fuel check for 2025-05-13 is done. Data added: 74
[2025-05-14 01:20:35,159] INFO [libCANBUS.checking.battery_check:137] Battery check for 2025-05-13 is done. Data added: 2
[2025-05-14 01:20:35,283] INFO [libCANBUS.output.update_DB:54] Number of New CAN BUS devices: 2
[2025-05-14 03:40:05,633] INFO [email_log.run:226] Checking log files now.
[2025-05-14 03:40:05,649] INFO [email_log.run:230] No error found today.
[2025-05-15 01:20:34,756] INFO [libCANBUS.checking.fuel_check:72] Fuel check for 2025-05-14 is done. Data added: 61
[2025-05-15 01:20:35,271] INFO [libCANBUS.checking.battery_check:137] Battery check for 2025-05-14 is done. Data added: 0
[2025-05-15 01:20:35,411] INFO [libCANBUS.output.update_DB:54] Number of New CAN BUS devices: 2
[2025-05-15 03:40:05,635] INFO [email_log.run:226] Checking log files now.
[2025-05-15 03:40:05,635] INFO [email_log.run:230] No error found today.
[2025-05-16 01:20:36,306] INFO [libCANBUS.checking.fuel_check:72] Fuel check for 2025-05-15 is done. Data added: 97
[2025-05-16 01:20:36,696] INFO [libCANBUS.checking.battery_check:137] Battery check for 2025-05-15 is done. Data added: 0
[2025-05-16 01:20:36,789] INFO [libCANBUS.output.update_DB:54] Number of New CAN BUS devices: 0
[2025-05-16 03:40:05,690] INFO [email_log.run:226] Checking log files now.
[2025-05-16 03:40:05,690] INFO [email_log.run:230] No error found today.
[2025-05-17 01:20:34,658] INFO [libCANBUS.checking.fuel_check:72] Fuel check for 2025-05-16 is done. Data added: 46
[2025-05-17 01:20:35,126] INFO [libCANBUS.checking.battery_check:137] Battery check for 2025-05-16 is done. Data added: 2
[2025-05-17 01:20:35,219] INFO [libCANBUS.output.update_DB:54] Number of New CAN BUS devices: 0
[2025-05-17 03:40:05,614] INFO [email_log.run:226] Checking log files now.
[2025-05-17 03:40:05,614] INFO [email_log.run:230] No error found today.
[2025-05-18 01:20:35,227] INFO [libCANBUS.checking.fuel_check:72] Fuel check for 2025-05-17 is done. Data added: 25
[2025-05-18 01:20:35,680] INFO [libCANBUS.checking.battery_check:137] Battery check for 2025-05-17 is done. Data added: 0
[2025-05-18 01:20:35,773] INFO [libCANBUS.output.update_DB:54] Number of New CAN BUS devices: 0
[2025-05-18 03:40:05,609] INFO [email_log.run:226] Checking log files now.
[2025-05-18 03:40:05,609] INFO [email_log.run:230] No error found today.
[2025-05-19 01:20:34,449] INFO [libCANBUS.checking.fuel_check:72] Fuel check for 2025-05-18 is done. Data added: 89
[2025-05-19 01:20:34,839] INFO [libCANBUS.checking.battery_check:137] Battery check for 2025-05-18 is done. Data added: 1
[2025-05-19 01:20:34,980] INFO [libCANBUS.output.update_DB:54] Number of New CAN BUS devices: 0
[2025-05-19 03:40:05,556] INFO [email_log.run:226] Checking log files now.
[2025-05-19 03:40:05,571] INFO [email_log.run:230] No error found today.
[2025-05-20 01:20:34,638] INFO [libCANBUS.checking.fuel_check:72] Fuel check for 2025-05-19 is done. Data added: 150
[2025-05-20 01:20:35,031] INFO [libCANBUS.checking.battery_check:137] Battery check for 2025-05-19 is done. Data added: 2
[2025-05-20 01:20:35,187] INFO [libCANBUS.output.update_DB:54] Number of New CAN BUS devices: 3
[2025-05-20 03:40:05,669] INFO [email_log.run:226] Checking log files now.
[2025-05-20 03:40:05,669] INFO [email_log.run:230] No error found today.
[2025-05-21 01:20:34,867] INFO [libCANBUS.checking.fuel_check:72] Fuel check for 2025-05-20 is done. Data added: 172
[2025-05-21 01:20:35,335] INFO [libCANBUS.checking.battery_check:137] Battery check for 2025-05-20 is done. Data added: 0
[2025-05-21 01:20:35,491] INFO [libCANBUS.output.update_DB:54] Number of New CAN BUS devices: 3
[2025-05-21 03:40:05,630] INFO [email_log.run:226] Checking log files now.
[2025-05-21 03:40:05,646] INFO [email_log.run:230] No error found today.
[2025-05-22 01:20:34,592] INFO [libCANBUS.checking.fuel_check:72] Fuel check for 2025-05-21 is done. Data added: 155
[2025-05-22 01:20:35,216] INFO [libCANBUS.checking.battery_check:137] Battery check for 2025-05-21 is done. Data added: 0
[2025-05-22 01:20:35,404] INFO [libCANBUS.output.update_DB:54] Number of New CAN BUS devices: 4
[2025-05-22 03:40:05,612] INFO [email_log.run:226] Checking log files now.
[2025-05-22 03:40:05,628] INFO [email_log.run:230] No error found today.
[2025-05-23 01:20:34,595] INFO [libCANBUS.checking.fuel_check:72] Fuel check for 2025-05-22 is done. Data added: 66
[2025-05-23 01:20:35,047] INFO [libCANBUS.checking.battery_check:137] Battery check for 2025-05-22 is done. Data added: 2
[2025-05-23 01:20:35,172] INFO [libCANBUS.output.update_DB:54] Number of New CAN BUS devices: 3
[2025-05-23 03:40:05,596] INFO [email_log.run:226] Checking log files now.
[2025-05-23 03:40:05,596] INFO [email_log.run:230] No error found today.
[2025-05-24 01:20:34,524] INFO [libCANBUS.checking.fuel_check:72] Fuel check for 2025-05-23 is done. Data added: 109
[2025-05-24 01:20:34,976] INFO [libCANBUS.checking.battery_check:137] Battery check for 2025-05-23 is done. Data added: 0
[2025-05-24 01:20:38,093] INFO [libCANBUS.output.update_DB:54] Number of New CAN BUS devices: 3
[2025-05-24 03:40:05,637] INFO [email_log.run:226] Checking log files now.
[2025-05-24 03:40:05,652] INFO [email_log.run:230] No error found today.
[2025-05-25 01:20:34,249] INFO [libCANBUS.checking.fuel_check:72] Fuel check for 2025-05-24 is done. Data added: 64
[2025-05-25 01:20:34,686] INFO [libCANBUS.checking.battery_check:137] Battery check for 2025-05-24 is done. Data added: 0
[2025-05-25 01:20:34,842] INFO [libCANBUS.output.update_DB:54] Number of New CAN BUS devices: 2
[2025-05-25 03:40:05,545] INFO [email_log.run:226] Checking log files now.
[2025-05-25 03:40:05,545] INFO [email_log.run:230] No error found today.
[2025-05-26 01:20:34,180] INFO [libCANBUS.checking.fuel_check:72] Fuel check for 2025-05-25 is done. Data added: 74
[2025-05-26 01:20:34,726] INFO [libCANBUS.checking.battery_check:137] Battery check for 2025-05-25 is done. Data added: 0
[2025-05-26 01:20:39,717] INFO [libCANBUS.output.update_DB:54] Number of New CAN BUS devices: 0
[2025-05-26 03:40:05,734] INFO [email_log.run:226] Checking log files now.
[2025-05-26 03:40:05,734] INFO [email_log.run:230] No error found today.
[2025-05-27 01:20:34,383] INFO [libCANBUS.checking.fuel_check:72] Fuel check for 2025-05-26 is done. Data added: 106
[2025-05-27 01:20:35,459] INFO [libCANBUS.checking.battery_check:137] Battery check for 2025-05-26 is done. Data added: 1
[2025-05-27 01:20:36,145] INFO [libCANBUS.output.update_DB:54] Number of New CAN BUS devices: 1
[2025-05-27 03:40:05,606] INFO [email_log.run:226] Checking log files now.
[2025-05-27 03:40:05,621] INFO [email_log.run:230] No error found today.
[2025-05-28 01:20:34,715] INFO [libCANBUS.checking.fuel_check:72] Fuel check for 2025-05-27 is done. Data added: 104
[2025-05-28 01:20:35,168] INFO [libCANBUS.checking.battery_check:137] Battery check for 2025-05-27 is done. Data added: 0
[2025-05-28 01:20:35,261] INFO [libCANBUS.output.update_DB:54] Number of New CAN BUS devices: 0
[2025-05-28 03:40:05,595] INFO [email_log.run:226] Checking log files now.
[2025-05-28 03:40:05,595] INFO [email_log.run:230] No error found today.
[2025-05-29 01:20:35,722] INFO [libCANBUS.checking.fuel_check:72] Fuel check for 2025-05-28 is done. Data added: 141
[2025-05-29 01:20:36,159] INFO [libCANBUS.checking.battery_check:137] Battery check for 2025-05-28 is done. Data added: 1
[2025-05-29 01:20:36,331] INFO [libCANBUS.output.update_DB:54] Number of New CAN BUS devices: 1
[2025-05-29 03:40:05,588] INFO [email_log.run:226] Checking log files now.
[2025-05-29 03:40:05,728] INFO [email_log.run:230] No error found today.
[2025-05-30 01:20:34,437] INFO [libCANBUS.checking.fuel_check:72] Fuel check for 2025-05-29 is done. Data added: 60
[2025-05-30 01:20:34,905] INFO [libCANBUS.checking.battery_check:137] Battery check for 2025-05-29 is done. Data added: 0
[2025-05-30 01:20:35,030] INFO [libCANBUS.output.update_DB:54] Number of New CAN BUS devices: 18
[2025-05-30 03:40:05,586] INFO [email_log.run:226] Checking log files now.
[2025-05-30 03:40:05,586] INFO [email_log.run:230] No error found today.
[2025-05-31 01:20:37,357] INFO [libCANBUS.checking.fuel_check:72] Fuel check for 2025-05-30 is done. Data added: 94
[2025-05-31 01:20:38,199] INFO [libCANBUS.checking.battery_check:137] Battery check for 2025-05-30 is done. Data added: 0
[2025-05-31 01:20:38,417] INFO [libCANBUS.output.update_DB:54] Number of New CAN BUS devices: 5
[2025-05-31 03:40:05,717] INFO [email_log.run:226] Checking log files now.
[2025-05-31 03:40:05,842] INFO [email_log.run:230] No error found today.
[2025-06-01 01:20:34,977] INFO [libCANBUS.checking.fuel_check:72] Fuel check for 2025-05-31 is done. Data added: 91
[2025-06-01 01:20:35,382] INFO [libCANBUS.checking.battery_check:137] Battery check for 2025-05-31 is done. Data added: 1
[2025-06-01 01:20:35,601] INFO [libCANBUS.output.update_DB:54] Number of New CAN BUS devices: 0
[2025-06-01 03:40:05,615] INFO [email_log.run:226] Checking log files now.
[2025-06-01 03:40:05,693] INFO [email_log.run:230] No error found today.
[2025-06-02 01:20:34,865] INFO [libCANBUS.checking.fuel_check:72] Fuel check for 2025-06-01 is done. Data added: 74
[2025-06-02 01:20:35,208] INFO [libCANBUS.checking.battery_check:137] Battery check for 2025-06-01 is done. Data added: 0
[2025-06-02 01:20:35,380] INFO [libCANBUS.output.update_DB:54] Number of New CAN BUS devices: 0
[2025-06-02 03:40:05,660] INFO [email_log.run:226] Checking log files now.
[2025-06-02 03:40:05,769] INFO [email_log.run:230] No error found today.
[2025-06-03 01:20:35,047] INFO [libCANBUS.checking.fuel_check:72] Fuel check for 2025-06-02 is done. Data added: 77
[2025-06-03 01:20:35,359] INFO [libCANBUS.checking.battery_check:137] Battery check for 2025-06-02 is done. Data added: 2
[2025-06-03 01:20:35,562] INFO [libCANBUS.output.update_DB:54] Number of New CAN BUS devices: 3
[2025-06-03 03:40:05,582] INFO [email_log.run:226] Checking log files now.
[2025-06-03 03:40:05,691] INFO [email_log.run:230] No error found today.
[2025-06-04 01:20:34,910] INFO [libCANBUS.checking.fuel_check:72] Fuel check for 2025-06-03 is done. Data added: 86
[2025-06-04 01:20:35,378] INFO [libCANBUS.checking.battery_check:137] Battery check for 2025-06-03 is done. Data added: 3
[2025-06-04 01:20:35,612] INFO [libCANBUS.output.update_DB:54] Number of New CAN BUS devices: 6
[2025-06-04 03:40:05,571] INFO [email_log.run:226] Checking log files now.
[2025-06-04 03:40:05,696] INFO [email_log.run:230] No error found today.
[2025-06-05 01:20:36,280] INFO [libCANBUS.checking.fuel_check:72] Fuel check for 2025-06-04 is done. Data added: 108
[2025-06-05 01:20:36,686] INFO [libCANBUS.checking.battery_check:137] Battery check for 2025-06-04 is done. Data added: 1
[2025-06-05 01:20:36,873] INFO [libCANBUS.output.update_DB:54] Number of New CAN BUS devices: 0
[2025-06-05 03:40:05,596] INFO [email_log.run:226] Checking log files now.
[2025-06-05 03:40:05,877] INFO [email_log.run:230] No error found today.
[2025-06-06 01:20:34,724] INFO [libCANBUS.checking.fuel_check:72] Fuel check for 2025-06-05 is done. Data added: 98
[2025-06-06 01:20:35,145] INFO [libCANBUS.checking.battery_check:137] Battery check for 2025-06-05 is done. Data added: 1
[2025-06-06 01:20:35,301] INFO [libCANBUS.output.update_DB:54] Number of New CAN BUS devices: 3
[2025-06-06 03:40:05,632] INFO [email_log.run:226] Checking log files now.
[2025-06-06 03:40:05,648] INFO [email_log.run:230] No error found today.
[2025-06-07 01:20:34,563] INFO [libCANBUS.checking.fuel_check:72] Fuel check for 2025-06-06 is done. Data added: 70
[2025-06-07 01:20:35,000] INFO [libCANBUS.checking.battery_check:137] Battery check for 2025-06-06 is done. Data added: 2
[2025-06-07 01:20:35,124] INFO [libCANBUS.output.update_DB:54] Number of New CAN BUS devices: 0
[2025-06-07 03:40:05,593] INFO [email_log.run:226] Checking log files now.
[2025-06-07 03:40:05,609] INFO [email_log.run:230] No error found today.
[2025-06-08 01:20:34,197] INFO [libCANBUS.checking.fuel_check:72] Fuel check for 2025-06-07 is done. Data added: 55
[2025-06-08 01:20:34,572] INFO [libCANBUS.checking.battery_check:137] Battery check for 2025-06-07 is done. Data added: 1
[2025-06-08 01:20:34,665] INFO [libCANBUS.output.update_DB:54] Number of New CAN BUS devices: 0
[2025-06-08 03:40:05,634] INFO [email_log.run:226] Checking log files now.
[2025-06-08 03:40:05,649] INFO [email_log.run:230] No error found today.
[2025-06-09 01:20:34,612] INFO [libCANBUS.checking.fuel_check:72] Fuel check for 2025-06-08 is done. Data added: 46
[2025-06-09 01:20:34,939] INFO [libCANBUS.checking.battery_check:137] Battery check for 2025-06-08 is done. Data added: 0
[2025-06-09 01:20:35,033] INFO [libCANBUS.output.update_DB:54] Number of New CAN BUS devices: 2
[2025-06-09 03:40:05,663] INFO [email_log.run:226] Checking log files now.
[2025-06-09 03:40:05,757] INFO [email_log.run:230] No error found today.
[2025-06-10 01:20:34,858] INFO [libCANBUS.checking.fuel_check:72] Fuel check for 2025-06-09 is done. Data added: 145
[2025-06-10 01:20:35,139] INFO [libCANBUS.checking.battery_check:137] Battery check for 2025-06-09 is done. Data added: 0
[2025-06-10 01:20:35,264] INFO [libCANBUS.output.update_DB:54] Number of New CAN BUS devices: 4
[2025-06-10 03:40:05,674] INFO [email_log.run:226] Checking log files now.
[2025-06-10 03:40:05,783] INFO [email_log.run:230] No error found today.
[2025-06-11 01:20:34,552] INFO [libCANBUS.checking.fuel_check:72] Fuel check for 2025-06-10 is done. Data added: 118
[2025-06-11 01:20:34,942] INFO [libCANBUS.checking.battery_check:137] Battery check for 2025-06-10 is done. Data added: 2
[2025-06-11 01:20:35,051] INFO [libCANBUS.output.update_DB:54] Number of New CAN BUS devices: 1
[2025-06-11 03:40:05,631] INFO [email_log.run:226] Checking log files now.
[2025-06-11 03:40:05,740] INFO [email_log.run:230] No error found today.
[2025-06-12 01:20:34,576] INFO [libCANBUS.checking.fuel_check:72] Fuel check for 2025-06-11 is done. Data added: 67
[2025-06-12 01:20:34,982] INFO [libCANBUS.checking.battery_check:137] Battery check for 2025-06-11 is done. Data added: 1
[2025-06-12 01:20:35,122] INFO [libCANBUS.output.update_DB:54] Number of New CAN BUS devices: 0
[2025-06-12 03:40:05,582] INFO [email_log.run:226] Checking log files now.
[2025-06-12 03:40:05,598] INFO [email_log.run:230] No error found today.
[2025-06-13 01:20:35,188] INFO [libCANBUS.checking.fuel_check:72] Fuel check for 2025-06-12 is done. Data added: 112
[2025-06-13 01:20:35,640] INFO [libCANBUS.checking.battery_check:137] Battery check for 2025-06-12 is done. Data added: 2
[2025-06-13 01:20:35,827] INFO [libCANBUS.output.update_DB:54] Number of New CAN BUS devices: 1
[2025-06-13 03:40:05,600] INFO [email_log.run:226] Checking log files now.
[2025-06-13 03:40:05,725] INFO [email_log.run:230] No error found today.
[2025-06-14 01:20:34,499] INFO [libCANBUS.checking.fuel_check:72] Fuel check for 2025-06-13 is done. Data added: 72
[2025-06-14 01:20:34,920] INFO [libCANBUS.checking.battery_check:137] Battery check for 2025-06-13 is done. Data added: 2
[2025-06-14 01:20:35,123] INFO [libCANBUS.output.update_DB:54] Number of New CAN BUS devices: 1
[2025-06-14 03:40:05,597] INFO [email_log.run:226] Checking log files now.
[2025-06-14 03:40:05,613] INFO [email_log.run:230] No error found today.
[2025-06-15 01:20:34,455] INFO [libCANBUS.checking.fuel_check:72] Fuel check for 2025-06-14 is done. Data added: 47
[2025-06-15 01:20:34,923] INFO [libCANBUS.checking.battery_check:137] Battery check for 2025-06-14 is done. Data added: 1
[2025-06-15 01:20:35,079] INFO [libCANBUS.output.update_DB:54] Number of New CAN BUS devices: 0
[2025-06-15 03:40:05,609] INFO [email_log.run:226] Checking log files now.
[2025-06-15 03:40:05,625] INFO [email_log.run:230] No error found today.
[2025-06-16 01:20:34,073] INFO [libCANBUS.checking.fuel_check:72] Fuel check for 2025-06-15 is done. Data added: 59
[2025-06-16 01:20:34,448] INFO [libCANBUS.checking.battery_check:137] Battery check for 2025-06-15 is done. Data added: 0
[2025-06-16 01:20:34,635] INFO [libCANBUS.output.update_DB:54] Number of New CAN BUS devices: 0
[2025-06-16 03:40:05,619] INFO [email_log.run:226] Checking log files now.
[2025-06-16 03:40:05,635] INFO [email_log.run:230] No error found today.
[2025-06-17 01:20:34,713] INFO [libCANBUS.checking.fuel_check:72] Fuel check for 2025-06-16 is done. Data added: 133
[2025-06-17 01:20:35,087] INFO [libCANBUS.checking.battery_check:137] Battery check for 2025-06-16 is done. Data added: 0
[2025-06-17 01:20:35,259] INFO [libCANBUS.output.update_DB:54] Number of New CAN BUS devices: 1
[2025-06-17 03:40:05,631] INFO [email_log.run:226] Checking log files now.
[2025-06-17 03:40:05,631] INFO [email_log.run:230] No error found today.
[2025-06-18 01:20:34,689] INFO [libCANBUS.checking.fuel_check:72] Fuel check for 2025-06-17 is done. Data added: 103
[2025-06-18 01:20:35,110] INFO [libCANBUS.checking.battery_check:137] Battery check for 2025-06-17 is done. Data added: 2
[2025-06-18 01:20:35,235] INFO [libCANBUS.output.update_DB:54] Number of New CAN BUS devices: 0
[2025-06-18 03:40:05,631] INFO [email_log.run:226] Checking log files now.
[2025-06-18 03:40:05,631] INFO [email_log.run:230] No error found today.
[2025-06-19 01:20:34,669] INFO [libCANBUS.checking.fuel_check:72] Fuel check for 2025-06-18 is done. Data added: 114
[2025-06-19 01:20:35,169] INFO [libCANBUS.checking.battery_check:137] Battery check for 2025-06-18 is done. Data added: 5
[2025-06-19 01:20:35,340] INFO [libCANBUS.output.update_DB:54] Number of New CAN BUS devices: 0
[2025-06-19 03:40:05,579] INFO [email_log.run:226] Checking log files now.
[2025-06-19 03:40:05,595] INFO [email_log.run:230] No error found today.
[2025-06-20 01:20:34,545] INFO [libCANBUS.checking.fuel_check:72] Fuel check for 2025-06-19 is done. Data added: 125
[2025-06-20 01:20:44,427] INFO [libCANBUS.checking.battery_check:137] Battery check for 2025-06-19 is done. Data added: 1
[2025-06-20 01:20:45,893] INFO [libCANBUS.output.update_DB:54] Number of New CAN BUS devices: 0
[2025-06-20 03:40:05,620] INFO [email_log.run:226] Checking log files now.
[2025-06-20 03:40:05,635] INFO [email_log.run:230] No error found today.
[2025-06-21 01:20:34,721] INFO [libCANBUS.checking.fuel_check:72] Fuel check for 2025-06-20 is done. Data added: 81
[2025-06-21 01:20:35,127] INFO [libCANBUS.checking.battery_check:137] Battery check for 2025-06-20 is done. Data added: 1
[2025-06-21 01:20:35,298] INFO [libCANBUS.output.update_DB:54] Number of New CAN BUS devices: 0
[2025-06-21 03:40:05,585] INFO [email_log.run:226] Checking log files now.
[2025-06-21 03:40:05,585] INFO [email_log.run:230] No error found today.
[2025-06-22 01:20:35,143] INFO [libCANBUS.checking.fuel_check:72] Fuel check for 2025-06-21 is done. Data added: 159
[2025-06-22 01:20:35,564] INFO [libCANBUS.checking.battery_check:137] Battery check for 2025-06-21 is done. Data added: 0
[2025-06-22 01:20:35,735] INFO [libCANBUS.output.update_DB:54] Number of New CAN BUS devices: 0
[2025-06-22 03:40:05,741] INFO [email_log.run:226] Checking log files now.
[2025-06-22 03:40:06,021] INFO [email_log.run:230] No error found today.
[2025-06-23 01:20:34,194] INFO [libCANBUS.checking.fuel_check:72] Fuel check for 2025-06-22 is done. Data added: 118
[2025-06-23 01:20:34,538] INFO [libCANBUS.checking.battery_check:137] Battery check for 2025-06-22 is done. Data added: 2
[2025-06-23 01:20:34,678] INFO [libCANBUS.output.update_DB:54] Number of New CAN BUS devices: 0
[2025-06-23 03:40:05,627] INFO [email_log.run:226] Checking log files now.
[2025-06-23 03:40:05,673] INFO [email_log.run:230] No error found today.
[2025-06-24 01:20:34,988] INFO [libCANBUS.checking.fuel_check:72] Fuel check for 2025-06-23 is done. Data added: 162
[2025-06-24 01:20:35,362] INFO [libCANBUS.checking.battery_check:137] Battery check for 2025-06-23 is done. Data added: 1
[2025-06-24 01:20:35,534] INFO [libCANBUS.output.update_DB:54] Number of New CAN BUS devices: 0
[2025-06-24 03:40:05,658] INFO [email_log.run:226] Checking log files now.
[2025-06-24 03:40:05,830] INFO [email_log.run:230] No error found today.
[2025-06-25 01:20:34,805] INFO [libCANBUS.checking.fuel_check:72] Fuel check for 2025-06-24 is done. Data added: 143
[2025-06-25 01:20:35,226] INFO [libCANBUS.checking.battery_check:137] Battery check for 2025-06-24 is done. Data added: 1
[2025-06-25 01:20:35,397] INFO [libCANBUS.output.update_DB:54] Number of New CAN BUS devices: 0
[2025-06-25 03:40:05,647] INFO [email_log.run:226] Checking log files now.
[2025-06-25 03:40:05,663] INFO [email_log.run:230] No error found today.
[2025-06-26 01:20:35,166] INFO [libCANBUS.checking.fuel_check:72] Fuel check for 2025-06-25 is done. Data added: 125
[2025-06-26 01:20:35,540] INFO [libCANBUS.checking.battery_check:137] Battery check for 2025-06-25 is done. Data added: 3
[2025-06-26 01:20:35,727] INFO [libCANBUS.output.update_DB:54] Number of New CAN BUS devices: 0
[2025-06-26 03:40:05,614] INFO [email_log.run:226] Checking log files now.
[2025-06-26 03:40:05,770] INFO [email_log.run:230] No error found today.
[2025-06-27 01:20:53,657] INFO [libCANBUS.checking.fuel_check:72] Fuel check for 2025-06-26 is done. Data added: 140
[2025-06-27 01:20:54,078] INFO [libCANBUS.checking.battery_check:137] Battery check for 2025-06-26 is done. Data added: 0
[2025-06-27 01:20:54,218] INFO [libCANBUS.output.update_DB:54] Number of New CAN BUS devices: 0
[2025-06-27 03:40:05,630] INFO [email_log.run:226] Checking log files now.
[2025-06-27 03:40:05,755] INFO [email_log.run:230] No error found today.
[2025-06-28 01:20:36,672] INFO [libCANBUS.checking.fuel_check:72] Fuel check for 2025-06-27 is done. Data added: 117
[2025-06-28 01:20:37,062] INFO [libCANBUS.checking.battery_check:137] Battery check for 2025-06-27 is done. Data added: 2
[2025-06-28 01:20:37,187] INFO [libCANBUS.output.update_DB:54] Number of New CAN BUS devices: 0
[2025-06-28 03:40:05,648] INFO [email_log.run:226] Checking log files now.
[2025-06-28 03:40:05,789] INFO [email_log.run:230] No error found today.
[2025-06-29 01:20:53,590] INFO [libCANBUS.checking.fuel_check:72] Fuel check for 2025-06-28 is done. Data added: 143
[2025-06-29 01:20:53,855] INFO [libCANBUS.checking.battery_check:137] Battery check for 2025-06-28 is done. Data added: 2
[2025-06-29 01:20:53,995] INFO [libCANBUS.output.update_DB:54] Number of New CAN BUS devices: 0
[2025-06-29 03:40:05,628] INFO [email_log.run:226] Checking log files now.
[2025-06-29 03:40:05,924] INFO [email_log.run:230] No error found today.
[2025-06-30 01:20:34,856] INFO [libCANBUS.checking.fuel_check:72] Fuel check for 2025-06-29 is done. Data added: 89
[2025-06-30 01:20:35,152] INFO [libCANBUS.checking.battery_check:137] Battery check for 2025-06-29 is done. Data added: 2
[2025-06-30 01:20:35,277] INFO [libCANBUS.output.update_DB:54] Number of New CAN BUS devices: 0
[2025-06-30 03:40:05,700] INFO [email_log.run:226] Checking log files now.
[2025-06-30 03:40:05,856] INFO [email_log.run:230] No error found today.
[2025-07-01 01:20:34,780] INFO [libCANBUS.checking.fuel_check:72] Fuel check for 2025-06-30 is done. Data added: 144
[2025-07-01 01:20:35,154] INFO [libCANBUS.checking.battery_check:137] Battery check for 2025-06-30 is done. Data added: 2
[2025-07-01 01:20:35,310] INFO [libCANBUS.output.update_DB:54] Number of New CAN BUS devices: 0
[2025-07-01 03:40:05,679] INFO [email_log.run:226] Checking log files now.
[2025-07-01 03:40:05,866] INFO [email_log.run:230] No error found today.
[2025-07-02 01:20:34,546] INFO [libCANBUS.checking.fuel_check:72] Fuel check for 2025-07-01 is done. Data added: 118
[2025-07-02 01:20:34,951] INFO [libCANBUS.checking.battery_check:137] Battery check for 2025-07-01 is done. Data added: 0
[2025-07-02 01:20:35,076] INFO [libCANBUS.output.update_DB:54] Number of New CAN BUS devices: 0
[2025-07-02 03:40:05,610] INFO [email_log.run:226] Checking log files now.
[2025-07-02 03:40:05,610] INFO [email_log.run:230] No error found today.
[2025-07-03 01:20:44,513] INFO [libCANBUS.checking.fuel_check:72] Fuel check for 2025-07-02 is done. Data added: 175
[2025-07-03 01:20:44,853] INFO [libCANBUS.checking.battery_check:137] Battery check for 2025-07-02 is done. Data added: 2
[2025-07-03 01:20:45,004] INFO [libCANBUS.output.update_DB:54] Number of New CAN BUS devices: 0
[2025-07-03 03:40:05,590] INFO [email_log.run:226] Checking log files now.
[2025-07-03 03:40:05,699] INFO [email_log.run:230] No error found today.
[2025-07-04 01:20:34,453] INFO [libCANBUS.checking.fuel_check:72] Fuel check for 2025-07-03 is done. Data added: 122
[2025-07-04 01:20:34,843] INFO [libCANBUS.checking.battery_check:137] Battery check for 2025-07-03 is done. Data added: 3
[2025-07-04 01:20:34,983] INFO [libCANBUS.output.update_DB:54] Number of New CAN BUS devices: 0
[2025-07-04 03:40:05,590] INFO [email_log.run:226] Checking log files now.
[2025-07-04 03:40:05,605] INFO [email_log.run:230] No error found today.
[2025-07-05 01:20:51,074] INFO [libCANBUS.checking.fuel_check:72] Fuel check for 2025-07-04 is done. Data added: 159
[2025-07-05 01:20:51,464] INFO [libCANBUS.checking.battery_check:137] Battery check for 2025-07-04 is done. Data added: 2
[2025-07-05 01:20:51,604] INFO [libCANBUS.output.update_DB:54] Number of New CAN BUS devices: 3
[2025-07-05 03:40:05,622] INFO [email_log.run:226] Checking log files now.
[2025-07-05 03:40:05,840] INFO [email_log.run:230] No error found today.
[2025-07-06 01:20:34,363] INFO [libCANBUS.checking.fuel_check:72] Fuel check for 2025-07-05 is done. Data added: 129
[2025-07-06 01:20:34,691] INFO [libCANBUS.checking.battery_check:137] Battery check for 2025-07-05 is done. Data added: 5
[2025-07-06 01:20:34,831] INFO [libCANBUS.output.update_DB:54] Number of New CAN BUS devices: 0
[2025-07-06 03:40:05,621] INFO [email_log.run:226] Checking log files now.
[2025-07-06 03:40:05,637] INFO [email_log.run:230] No error found today.
[2025-07-07 01:20:34,377] INFO [libCANBUS.checking.fuel_check:72] Fuel check for 2025-07-06 is done. Data added: 82
[2025-07-07 01:20:34,689] INFO [libCANBUS.checking.battery_check:137] Battery check for 2025-07-06 is done. Data added: 1
[2025-07-07 01:20:34,783] INFO [libCANBUS.output.update_DB:54] Number of New CAN BUS devices: 0
[2025-07-07 03:40:05,601] INFO [email_log.run:226] Checking log files now.
[2025-07-07 03:40:05,741] INFO [email_log.run:230] No error found today.
[2025-07-08 01:20:34,912] INFO [libCANBUS.checking.fuel_check:72] Fuel check for 2025-07-07 is done. Data added: 105
[2025-07-08 01:20:35,287] INFO [libCANBUS.checking.battery_check:137] Battery check for 2025-07-07 is done. Data added: 0
[2025-07-08 01:20:35,412] INFO [libCANBUS.output.update_DB:54] Number of New CAN BUS devices: 1
[2025-07-08 03:40:05,600] INFO [email_log.run:226] Checking log files now.
[2025-07-08 03:40:05,803] INFO [email_log.run:230] No error found today.
[2025-07-09 01:20:34,545] INFO [libCANBUS.checking.fuel_check:72] Fuel check for 2025-07-08 is done. Data added: 120
[2025-07-09 01:20:34,903] INFO [libCANBUS.checking.battery_check:137] Battery check for 2025-07-08 is done. Data added: 3
[2025-07-09 01:20:35,091] INFO [libCANBUS.output.update_DB:54] Number of New CAN BUS devices: 1
[2025-07-09 03:40:05,605] INFO [email_log.run:226] Checking log files now.
[2025-07-09 03:40:05,683] INFO [email_log.run:230] No error found today.
[2025-07-10 01:20:34,368] INFO [libCANBUS.checking.fuel_check:72] Fuel check for 2025-07-09 is done. Data added: 63
[2025-07-10 01:20:34,696] INFO [libCANBUS.checking.battery_check:137] Battery check for 2025-07-09 is done. Data added: 5
[2025-07-10 01:20:34,821] INFO [libCANBUS.output.update_DB:54] Number of New CAN BUS devices: 0
